#
# There is insufficient memory for the Java Runtime Environment to continue.
# Native memory allocation (malloc) failed to allocate 2062736 bytes for Chunk::new
# Possible reasons:
#   The system is out of physical RAM or swap space
#   The process is running with CompressedOops enabled, and the Java Heap may be blocking the growth of the native heap
# Possible solutions:
#   Reduce memory load on the system
#   Increase physical memory or swap space
#   Check if swap backing store is full
#   Decrease Java heap size (-Xmx/-Xms)
#   Decrease number of Java threads
#   Decrease Java thread stack sizes (-Xss)
#   Set larger code cache with -XX:ReservedCodeCacheSize=
#   JVM is running with Unscaled Compressed Oops mode in which the Java heap is
#     placed in the first 4GB address space. The Java Heap base address is the
#     maximum limit for the native heap growth. Please use -XX:HeapBaseMinAddress
#     to set the Java Heap base and to place the Java Heap above 4GB virtual address.
# This output file may be truncated or incomplete.
#
#  Out of Memory Error (arena.cpp:189), pid=3100, tid=960
#
# JRE version: OpenJDK Runtime Environment (17.0.7) (build 17.0.7+0-b2043.56-10550314)
# Java VM: OpenJDK 64-Bit Server VM (17.0.7+0-b2043.56-10550314, mixed mode, tiered, compressed oops, compressed class ptrs, g1 gc, windows-amd64)
# No core dump will be written. Minidumps are not enabled by default on client versions of Windows
#

---------------  S U M M A R Y ------------

Command Line: --add-opens=java.base/java.util=ALL-UNNAMED --add-opens=java.base/java.lang=ALL-UNNAMED --add-opens=java.base/java.lang.invoke=ALL-UNNAMED --add-opens=java.prefs/java.util.prefs=ALL-UNNAMED --add-opens=java.base/java.nio.charset=ALL-UNNAMED --add-opens=java.base/java.net=ALL-UNNAMED --add-opens=java.base/java.util.concurrent.atomic=ALL-UNNAMED -Xmx2048m -Dfile.encoding=UTF-8 -Duser.country=CN -Duser.language=zh -Duser.variant -javaagent:C:\Users\coactor\.gradle\wrapper\dists\gradle-8.2-bin\bbg7u40eoinfdyxsxr3z4i7ta\gradle-8.2\lib\agents\gradle-instrumentation-agent-8.2.jar org.gradle.launcher.daemon.bootstrap.GradleDaemon 8.2

Host: 11th Gen Intel(R) Core(TM) i5-1135G7 @ 2.40GHz, 8 cores, 15G,  Windows 10 , 64 bit Build 19041 (10.0.19041.3636)
Time: Sat Apr 13 13:45:50 2024  Windows 10 , 64 bit Build 19041 (10.0.19041.3636) elapsed time: 10.751699 seconds (0d 0h 0m 10s)

---------------  T H R E A D  ---------------

Current thread (0x000001bc0516da60):  JavaThread "C2 CompilerThread2" daemon [_thread_in_native, id=960, stack(0x000000a302b00000,0x000000a302c00000)]


Current CompileTask:
C2:  10751 6054   !   4       com.google.common.reflect.TypeVisitor::visit (244 bytes)

Stack: [0x000000a302b00000,0x000000a302c00000]
Native frames: (J=compiled Java code, j=interpreted, Vv=VM code, C=native code)
V  [jvm.dll+0x683bfa]
V  [jvm.dll+0x8430a4]
V  [jvm.dll+0x8449be]
V  [jvm.dll+0x845023]
V  [jvm.dll+0x24ad2f]
V  [jvm.dll+0xac25c]
V  [jvm.dll+0xac82c]
V  [jvm.dll+0x36a187]
V  [jvm.dll+0x334821]
V  [jvm.dll+0x333cca]
V  [jvm.dll+0x21d251]
V  [jvm.dll+0x21c671]
V  [jvm.dll+0x1a605d]
V  [jvm.dll+0x22c148]
V  [jvm.dll+0x22a209]
V  [jvm.dll+0x7f858c]
V  [jvm.dll+0x7f2aea]
V  [jvm.dll+0x682a35]
C  [ucrtbase.dll+0x21bb2]
C  [KERNEL32.DLL+0x17344]
C  [ntdll.dll+0x526b1]


---------------  P R O C E S S  ---------------

Threads class SMR info:
_java_thread_list=0x000001bc0891dc60, length=54, elements={
0x000001bc64503410, 0x000001bc7e504620, 0x000001bc7e5050e0, 0x000001bc7e551080,
0x000001bc7e579410, 0x000001bc7e57bce0, 0x000001bc7e57c5a0, 0x000001bc7e57fbd0,
0x000001bc7e580da0, 0x000001bc7e58cbb0, 0x000001bc7e358b50, 0x000001bc7e8473e0,
0x000001bc04c22860, 0x000001bc049f0950, 0x000001bc05022340, 0x000001bc0487bd30,
0x000001bc04fee9c0, 0x000001bc059c2790, 0x000001bc04756930, 0x000001bc05a48540,
0x000001bc05c5fdb0, 0x000001bc05c5dc00, 0x000001bc05c60280, 0x000001bc05c5c8c0,
0x000001bc05c5e0d0, 0x000001bc05c5cd90, 0x000001bc05c5e5a0, 0x000001bc05c5ef40,
0x000001bc05c5d730, 0x000001bc05c5ea70, 0x000001bc05c5f410, 0x000001bc05c5f8e0,
0x000001bc05c5d260, 0x000001bc063ff870, 0x000001bc064006e0, 0x000001bc064023c0,
0x000001bc06401a20, 0x000001bc06402d60, 0x000001bc063feed0, 0x000001bc0516eea0,
0x000001bc063ffd40, 0x000001bc06401080, 0x000001bc06401550, 0x000001bc063ff3a0,
0x000001bc06402890, 0x000001bc06403230, 0x000001bc06400bb0, 0x000001bc06400210,
0x000001bc063fe530, 0x000001bc06403700, 0x000001bc063fe060, 0x000001bc06403bd0,
0x000001bc0516da60, 0x000001bc06404f10
}

Java Threads: ( => current thread )
  0x000001bc64503410 JavaThread "main" [_thread_blocked, id=13244, stack(0x000000a37f200000,0x000000a37f300000)]
  0x000001bc7e504620 JavaThread "Reference Handler" daemon [_thread_blocked, id=5140, stack(0x000000a37f900000,0x000000a37fa00000)]
  0x000001bc7e5050e0 JavaThread "Finalizer" daemon [_thread_blocked, id=16176, stack(0x000000a37fa00000,0x000000a37fb00000)]
  0x000001bc7e551080 JavaThread "Signal Dispatcher" daemon [_thread_blocked, id=2944, stack(0x000000a37fb00000,0x000000a37fc00000)]
  0x000001bc7e579410 JavaThread "Attach Listener" daemon [_thread_blocked, id=8328, stack(0x000000a37fc00000,0x000000a37fd00000)]
  0x000001bc7e57bce0 JavaThread "Service Thread" daemon [_thread_blocked, id=6312, stack(0x000000a37fd00000,0x000000a37fe00000)]
  0x000001bc7e57c5a0 JavaThread "Monitor Deflation Thread" daemon [_thread_blocked, id=14288, stack(0x000000a37fe00000,0x000000a37ff00000)]
  0x000001bc7e57fbd0 JavaThread "C2 CompilerThread0" daemon [_thread_in_native, id=15696, stack(0x000000a37ff00000,0x000000a380000000)]
  0x000001bc7e580da0 JavaThread "C1 CompilerThread0" daemon [_thread_blocked, id=13000, stack(0x000000a300000000,0x000000a300100000)]
  0x000001bc7e58cbb0 JavaThread "Sweeper thread" daemon [_thread_blocked, id=15456, stack(0x000000a300100000,0x000000a300200000)]
  0x000001bc7e358b50 JavaThread "Common-Cleaner" daemon [_thread_blocked, id=1500, stack(0x000000a300200000,0x000000a300300000)]
  0x000001bc7e8473e0 JavaThread "Notification Thread" daemon [_thread_blocked, id=9156, stack(0x000000a300300000,0x000000a300400000)]
  0x000001bc04c22860 JavaThread "Daemon health stats" [_thread_blocked, id=12588, stack(0x000000a300600000,0x000000a300700000)]
  0x000001bc049f0950 JavaThread "Incoming local TCP Connector on port 51762" [_thread_in_native, id=3548, stack(0x000000a300c00000,0x000000a300d00000)]
  0x000001bc05022340 JavaThread "Daemon periodic checks" [_thread_blocked, id=5928, stack(0x000000a300d00000,0x000000a300e00000)]
  0x000001bc0487bd30 JavaThread "Daemon" [_thread_blocked, id=2608, stack(0x000000a300e00000,0x000000a300f00000)]
  0x000001bc04fee9c0 JavaThread "Handler for socket connection from /127.0.0.1:51762 to /127.0.0.1:51763" [_thread_in_native, id=15828, stack(0x000000a300f00000,0x000000a301000000)]
  0x000001bc059c2790 JavaThread "Cancel handler" [_thread_blocked, id=16060, stack(0x000000a301000000,0x000000a301100000)]
  0x000001bc04756930 JavaThread "Daemon worker" [_thread_in_Java, id=4060, stack(0x000000a301100000,0x000000a301200000)]
  0x000001bc05a48540 JavaThread "Asynchronous log dispatcher for DefaultDaemonConnection: socket connection from /127.0.0.1:51762 to /127.0.0.1:51763" [_thread_blocked, id=11240, stack(0x000000a301200000,0x000000a301300000)]
  0x000001bc05c5fdb0 JavaThread "Stdin handler" [_thread_blocked, id=10604, stack(0x000000a301300000,0x000000a301400000)]
  0x000001bc05c5dc00 JavaThread "Daemon client event forwarder" [_thread_blocked, id=8740, stack(0x000000a301400000,0x000000a301500000)]
  0x000001bc05c60280 JavaThread "Cache worker for journal cache (C:\Users\coactor\.gradle\caches\journal-1)" [_thread_blocked, id=10340, stack(0x000000a301800000,0x000000a301900000)]
  0x000001bc05c5c8c0 JavaThread "File lock request listener" [_thread_in_native, id=10680, stack(0x000000a301900000,0x000000a301a00000)]
  0x000001bc05c5e0d0 JavaThread "Cache worker for file hash cache (C:\Users\coactor\.gradle\caches\8.2\fileHashes)" [_thread_blocked, id=14404, stack(0x000000a301a00000,0x000000a301b00000)]
  0x000001bc05c5cd90 JavaThread "File watcher server" daemon [_thread_in_native, id=5144, stack(0x000000a301c00000,0x000000a301d00000)]
  0x000001bc05c5e5a0 JavaThread "File watcher consumer" daemon [_thread_blocked, id=16260, stack(0x000000a301d00000,0x000000a301e00000)]
  0x000001bc05c5ef40 JavaThread "Cache worker for checksums cache (C:\Users\coactor\AndroidStudioProjects\devtest\.gradle\8.2\checksums)" [_thread_blocked, id=3468, stack(0x000000a301e00000,0x000000a301f00000)]
  0x000001bc05c5d730 JavaThread "Cache worker for cache directory md-rule (C:\Users\coactor\.gradle\caches\8.2\md-rule)" [_thread_blocked, id=880, stack(0x000000a301f00000,0x000000a302000000)]
  0x000001bc05c5ea70 JavaThread "Cache worker for file content cache (C:\Users\coactor\.gradle\caches\8.2\fileContent)" [_thread_blocked, id=3992, stack(0x000000a301b00000,0x000000a301c00000)]
  0x000001bc05c5f410 JavaThread "Cache worker for file hash cache (C:\Users\coactor\AndroidStudioProjects\devtest\.gradle\8.2\fileHashes)" [_thread_blocked, id=6640, stack(0x000000a302000000,0x000000a302100000)]
  0x000001bc05c5f8e0 JavaThread "Cache worker for cache directory md-supplier (C:\Users\coactor\.gradle\caches\8.2\md-supplier)" [_thread_blocked, id=15824, stack(0x000000a302100000,0x000000a302200000)]
  0x000001bc05c5d260 JavaThread "Cache worker for execution history cache (C:\Users\coactor\.gradle\caches\8.2\executionHistory)" [_thread_blocked, id=15576, stack(0x000000a300500000,0x000000a300600000)]
  0x000001bc063ff870 JavaThread "jar transforms" [_thread_blocked, id=6280, stack(0x000000a302500000,0x000000a302600000)]
  0x000001bc064006e0 JavaThread "jar transforms Thread 2" [_thread_blocked, id=15704, stack(0x000000a302600000,0x000000a302700000)]
  0x000001bc064023c0 JavaThread "jar transforms Thread 3" [_thread_blocked, id=4528, stack(0x000000a302700000,0x000000a302800000)]
  0x000001bc06401a20 JavaThread "jar transforms Thread 4" [_thread_blocked, id=15172, stack(0x000000a302800000,0x000000a302900000)]
  0x000001bc06402d60 JavaThread "Cache worker for dependencies-accessors (C:\Users\coactor\AndroidStudioProjects\devtest\.gradle\8.2\dependencies-accessors)" [_thread_blocked, id=14912, stack(0x000000a302900000,0x000000a302a00000)]
  0x000001bc063feed0 JavaThread "jar transforms Thread 5" [_thread_blocked, id=5148, stack(0x000000a302200000,0x000000a302300000)]
  0x000001bc0516eea0 JavaThread "C2 CompilerThread1" daemon [_thread_in_native, id=12156, stack(0x000000a302300000,0x000000a302400000)]
  0x000001bc063ffd40 JavaThread "Cache worker for Build Output Cleanup Cache (C:\Users\coactor\AndroidStudioProjects\devtest\.gradle\buildOutputCleanup)" [_thread_blocked, id=13372, stack(0x000000a302a00000,0x000000a302b00000)]
  0x000001bc06401080 JavaThread "Unconstrained build operations" [_thread_blocked, id=4660, stack(0x000000a302c00000,0x000000a302d00000)]
  0x000001bc06401550 JavaThread "Unconstrained build operations Thread 2" [_thread_blocked, id=15636, stack(0x000000a302d00000,0x000000a302e00000)]
  0x000001bc063ff3a0 JavaThread "Unconstrained build operations Thread 3" [_thread_blocked, id=15000, stack(0x000000a302e00000,0x000000a302f00000)]
  0x000001bc06402890 JavaThread "Unconstrained build operations Thread 4" [_thread_blocked, id=12332, stack(0x000000a302f00000,0x000000a303000000)]
  0x000001bc06403230 JavaThread "Unconstrained build operations Thread 5" [_thread_blocked, id=1124, stack(0x000000a303000000,0x000000a303100000)]
  0x000001bc06400bb0 JavaThread "Unconstrained build operations Thread 6" [_thread_blocked, id=6636, stack(0x000000a303100000,0x000000a303200000)]
  0x000001bc06400210 JavaThread "Unconstrained build operations Thread 7" [_thread_blocked, id=8508, stack(0x000000a303200000,0x000000a303300000)]
  0x000001bc063fe530 JavaThread "jar transforms Thread 6" [_thread_blocked, id=10860, stack(0x000000a303300000,0x000000a303400000)]
  0x000001bc06403700 JavaThread "jar transforms Thread 7" [_thread_blocked, id=15680, stack(0x000000a303400000,0x000000a303500000)]
  0x000001bc063fe060 JavaThread "jar transforms Thread 8" [_thread_blocked, id=4864, stack(0x000000a303500000,0x000000a303600000)]
  0x000001bc06403bd0 JavaThread "build event listener" [_thread_blocked, id=9456, stack(0x000000a303600000,0x000000a303700000)]
=>0x000001bc0516da60 JavaThread "C2 CompilerThread2" daemon [_thread_in_native, id=960, stack(0x000000a302b00000,0x000000a302c00000)]
  0x000001bc06404f10 JavaThread "Memory manager" [_thread_blocked, id=4816, stack(0x000000a303700000,0x000000a303800000)]

Other Threads:
  0x000001bc7e4ffc50 VMThread "VM Thread" [stack: 0x000000a37f800000,0x000000a37f900000] [id=14880]
  0x000001bc7e7b53c0 WatcherThread [stack: 0x000000a300400000,0x000000a300500000] [id=14960]
  0x000001bc64560630 GCTaskThread "GC Thread#0" [stack: 0x000000a37f300000,0x000000a37f400000] [id=3332]
  0x000001bc043c0360 GCTaskThread "GC Thread#1" [stack: 0x000000a300700000,0x000000a300800000] [id=15600]
  0x000001bc04587fa0 GCTaskThread "GC Thread#2" [stack: 0x000000a300800000,0x000000a300900000] [id=11700]
  0x000001bc04206ed0 GCTaskThread "GC Thread#3" [stack: 0x000000a300900000,0x000000a300a00000] [id=12132]
  0x000001bc04207180 GCTaskThread "GC Thread#4" [stack: 0x000000a300a00000,0x000000a300b00000] [id=11448]
  0x000001bc04207430 GCTaskThread "GC Thread#5" [stack: 0x000000a300b00000,0x000000a300c00000] [id=6784]
  0x000001bc059c44b0 GCTaskThread "GC Thread#6" [stack: 0x000000a301500000,0x000000a301600000] [id=12912]
  0x000001bc05c7cc40 GCTaskThread "GC Thread#7" [stack: 0x000000a301600000,0x000000a301700000] [id=1536]
  0x000001bc64571480 ConcurrentGCThread "G1 Main Marker" [stack: 0x000000a37f400000,0x000000a37f500000] [id=6744]
  0x000001bc64572540 ConcurrentGCThread "G1 Conc#0" [stack: 0x000000a37f500000,0x000000a37f600000] [id=8588]
  0x000001bc04d88b70 ConcurrentGCThread "G1 Conc#1" [stack: 0x000000a301700000,0x000000a301800000] [id=2528]
  0x000001bc645ce9c0 ConcurrentGCThread "G1 Refine#0" [stack: 0x000000a37f600000,0x000000a37f700000] [id=1524]
  0x000001bc062a8e70 ConcurrentGCThread "G1 Refine#1" [stack: 0x000000a302400000,0x000000a302500000] [id=14820]
  0x000001bc7e223570 ConcurrentGCThread "G1 Service" [stack: 0x000000a37f700000,0x000000a37f800000] [id=12608]

Threads with active compile tasks:
C2 CompilerThread0    10783 6185       4       java.lang.Class::privateGetDeclaredMethods (64 bytes)
C1 CompilerThread0    10783 6186       3       org.gradle.internal.instantiation.generator.AbstractClassGenerator::assembleProperties (239 bytes)
C2 CompilerThread1    10783 6181   !   4       java.util.concurrent.ConcurrentHashMap::computeIfAbsent (576 bytes)
C2 CompilerThread2    10783 6054   !   4       com.google.common.reflect.TypeVisitor::visit (244 bytes)

VM state: not at safepoint (normal execution)

VM Mutex/Monitor currently owned by a thread: None

Heap address: 0x0000000080000000, size: 2048 MB, Compressed Oops mode: 32-bit

CDS archive(s) not mapped
Compressed class space mapped at: 0x0000000100000000-0x0000000140000000, reserved size: 1073741824
Narrow klass base: 0x0000000000000000, Narrow klass shift: 3, Narrow klass range: 0x140000000

GC Precious Log:
 CPUs: 8 total, 8 available
 Memory: 16149M
 Large Page Support: Disabled
 NUMA Support: Disabled
 Compressed Oops: Enabled (32-bit)
 Heap Region Size: 1M
 Heap Min Capacity: 8M
 Heap Initial Capacity: 254M
 Heap Max Capacity: 2G
 Pre-touch: Disabled
 Parallel Workers: 8
 Concurrent Workers: 2
 Concurrent Refinement Workers: 8
 Periodic GC: Disabled

Heap:
 garbage-first heap   total 92160K, used 67290K [0x0000000080000000, 0x0000000100000000)
  region size 1024K, 18 young (18432K), 1 survivors (1024K)
 Metaspace       used 62602K, committed 63232K, reserved 1114112K
  class space    used 8360K, committed 8640K, reserved 1048576K

Heap Regions: E=young(eden), S=young(survivor), O=old, HS=humongous(starts), HC=humongous(continues), CS=collection set, F=free, OA=open archive, CA=closed archive, TAMS=top-at-mark-start (previous, next)
|   0|0x0000000080000000, 0x0000000080100000, 0x0000000080100000|100%|HS|  |TAMS 0x0000000080100000, 0x0000000080000000| Complete 
|   1|0x0000000080100000, 0x0000000080200000, 0x0000000080200000|100%|HC|  |TAMS 0x0000000080200000, 0x0000000080100000| Complete 
|   2|0x0000000080200000, 0x0000000080300000, 0x0000000080300000|100%|HC|  |TAMS 0x0000000080300000, 0x0000000080200000| Complete 
|   3|0x0000000080300000, 0x0000000080400000, 0x0000000080400000|100%|HC|  |TAMS 0x0000000080400000, 0x0000000080300000| Complete 
|   4|0x0000000080400000, 0x0000000080500000, 0x0000000080500000|100%| O|  |TAMS 0x0000000080500000, 0x0000000080400000| Untracked 
|   5|0x0000000080500000, 0x0000000080600000, 0x0000000080600000|100%| O|  |TAMS 0x0000000080600000, 0x0000000080500000| Untracked 
|   6|0x0000000080600000, 0x0000000080700000, 0x0000000080700000|100%| O|  |TAMS 0x0000000080700000, 0x0000000080600000| Untracked 
|   7|0x0000000080700000, 0x0000000080800000, 0x0000000080800000|100%| O|  |TAMS 0x0000000080800000, 0x0000000080700000| Untracked 
|   8|0x0000000080800000, 0x0000000080900000, 0x0000000080900000|100%| O|  |TAMS 0x0000000080900000, 0x0000000080800000| Untracked 
|   9|0x0000000080900000, 0x0000000080a00000, 0x0000000080a00000|100%| O|  |TAMS 0x0000000080a00000, 0x0000000080900000| Untracked 
|  10|0x0000000080a00000, 0x0000000080a00000, 0x0000000080b00000|  0%| F|  |TAMS 0x0000000080a00000, 0x0000000080a00000| Untracked 
|  11|0x0000000080b00000, 0x0000000080c00000, 0x0000000080c00000|100%| O|  |TAMS 0x0000000080c00000, 0x0000000080b00000| Untracked 
|  12|0x0000000080c00000, 0x0000000080d00000, 0x0000000080d00000|100%| O|  |TAMS 0x0000000080d00000, 0x0000000080c00000| Untracked 
|  13|0x0000000080d00000, 0x0000000080e00000, 0x0000000080e00000|100%| O|  |TAMS 0x0000000080e00000, 0x0000000080d00000| Untracked 
|  14|0x0000000080e00000, 0x0000000080f00000, 0x0000000080f00000|100%| O|  |TAMS 0x0000000080f00000, 0x0000000080e00000| Untracked 
|  15|0x0000000080f00000, 0x0000000081000000, 0x0000000081000000|100%| O|  |TAMS 0x0000000081000000, 0x0000000080f00000| Untracked 
|  16|0x0000000081000000, 0x0000000081100000, 0x0000000081100000|100%| O|  |TAMS 0x0000000081100000, 0x0000000081000000| Untracked 
|  17|0x0000000081100000, 0x0000000081200000, 0x0000000081200000|100%| O|  |TAMS 0x0000000081200000, 0x0000000081100000| Untracked 
|  18|0x0000000081200000, 0x0000000081300000, 0x0000000081300000|100%| O|  |TAMS 0x0000000081300000, 0x0000000081200000| Untracked 
|  19|0x0000000081300000, 0x0000000081400000, 0x0000000081400000|100%| O|  |TAMS 0x0000000081400000, 0x0000000081300000| Untracked 
|  20|0x0000000081400000, 0x0000000081500000, 0x0000000081500000|100%| O|  |TAMS 0x0000000081500000, 0x0000000081400000| Untracked 
|  21|0x0000000081500000, 0x0000000081600000, 0x0000000081600000|100%| O|  |TAMS 0x0000000081600000, 0x0000000081500000| Untracked 
|  22|0x0000000081600000, 0x0000000081700000, 0x0000000081700000|100%| O|  |TAMS 0x0000000081600000, 0x0000000081600000| Untracked 
|  23|0x0000000081700000, 0x0000000081800000, 0x0000000081800000|100%| O|  |TAMS 0x0000000081800000, 0x0000000081700000| Untracked 
|  24|0x0000000081800000, 0x0000000081900000, 0x0000000081900000|100%| O|  |TAMS 0x0000000081900000, 0x0000000081800000| Untracked 
|  25|0x0000000081900000, 0x0000000081a00000, 0x0000000081a00000|100%| O|  |TAMS 0x0000000081a00000, 0x0000000081900000| Untracked 
|  26|0x0000000081a00000, 0x0000000081b00000, 0x0000000081b00000|100%| O|  |TAMS 0x0000000081b00000, 0x0000000081a00000| Untracked 
|  27|0x0000000081b00000, 0x0000000081c00000, 0x0000000081c00000|100%|HS|  |TAMS 0x0000000081c00000, 0x0000000081b00000| Complete 
|  28|0x0000000081c00000, 0x0000000081d00000, 0x0000000081d00000|100%|HS|  |TAMS 0x0000000081d00000, 0x0000000081c00000| Complete 
|  29|0x0000000081d00000, 0x0000000081e00000, 0x0000000081e00000|100%| O|  |TAMS 0x0000000081e00000, 0x0000000081d00000| Untracked 
|  30|0x0000000081e00000, 0x0000000081f00000, 0x0000000081f00000|100%| O|  |TAMS 0x0000000081f00000, 0x0000000081e00000| Untracked 
|  31|0x0000000081f00000, 0x0000000082000000, 0x0000000082000000|100%| O|  |TAMS 0x0000000082000000, 0x0000000081f00000| Untracked 
|  32|0x0000000082000000, 0x0000000082100000, 0x0000000082100000|100%| O|  |TAMS 0x0000000082100000, 0x0000000082000000| Untracked 
|  33|0x0000000082100000, 0x0000000082200000, 0x0000000082200000|100%| O|  |TAMS 0x0000000082200000, 0x0000000082100000| Untracked 
|  34|0x0000000082200000, 0x0000000082300000, 0x0000000082300000|100%|HS|  |TAMS 0x0000000082300000, 0x0000000082200000| Complete 
|  35|0x0000000082300000, 0x0000000082400000, 0x0000000082400000|100%| O|  |TAMS 0x0000000082400000, 0x0000000082300000| Untracked 
|  36|0x0000000082400000, 0x0000000082500000, 0x0000000082500000|100%| O|  |TAMS 0x0000000082500000, 0x0000000082400000| Untracked 
|  37|0x0000000082500000, 0x0000000082600000, 0x0000000082600000|100%| O|  |TAMS 0x0000000082600000, 0x0000000082500000| Untracked 
|  38|0x0000000082600000, 0x0000000082700000, 0x0000000082700000|100%| O|  |TAMS 0x0000000082700000, 0x0000000082600000| Untracked 
|  39|0x0000000082700000, 0x0000000082800000, 0x0000000082800000|100%| O|  |TAMS 0x0000000082800000, 0x0000000082700000| Untracked 
|  40|0x0000000082800000, 0x0000000082900000, 0x0000000082900000|100%| O|  |TAMS 0x0000000082900000, 0x0000000082800000| Untracked 
|  41|0x0000000082900000, 0x0000000082a00000, 0x0000000082a00000|100%|HS|  |TAMS 0x0000000082a00000, 0x0000000082900000| Complete 
|  42|0x0000000082a00000, 0x0000000082b00000, 0x0000000082b00000|100%|HS|  |TAMS 0x0000000082b00000, 0x0000000082a00000| Complete 
|  43|0x0000000082b00000, 0x0000000082c00000, 0x0000000082c00000|100%| O|  |TAMS 0x0000000082c00000, 0x0000000082b00000| Untracked 
|  44|0x0000000082c00000, 0x0000000082d00000, 0x0000000082d00000|100%| O|  |TAMS 0x0000000082d00000, 0x0000000082c00000| Untracked 
|  45|0x0000000082d00000, 0x0000000082e00000, 0x0000000082e00000|100%| O|  |TAMS 0x0000000082e00000, 0x0000000082d00000| Untracked 
|  46|0x0000000082e00000, 0x0000000082f00000, 0x0000000082f00000|100%| O|  |TAMS 0x0000000082f00000, 0x0000000082e00000| Untracked 
|  47|0x0000000082f00000, 0x0000000083000000, 0x0000000083000000|100%| O|  |TAMS 0x0000000083000000, 0x0000000082f00000| Untracked 
|  48|0x0000000083000000, 0x0000000083100000, 0x0000000083100000|100%| O|  |TAMS 0x0000000083100000, 0x0000000083000000| Untracked 
|  49|0x0000000083100000, 0x0000000083200000, 0x0000000083200000|100%| O|  |TAMS 0x00000000831fe400, 0x0000000083100000| Untracked 
|  50|0x0000000083200000, 0x000000008320de00, 0x0000000083300000|  5%| O|  |TAMS 0x0000000083200000, 0x0000000083200000| Untracked 
|  51|0x0000000083300000, 0x0000000083300000, 0x0000000083400000|  0%| F|  |TAMS 0x0000000083300000, 0x0000000083300000| Untracked 
|  52|0x0000000083400000, 0x0000000083400000, 0x0000000083500000|  0%| F|  |TAMS 0x0000000083400000, 0x0000000083400000| Untracked 
|  53|0x0000000083500000, 0x0000000083500000, 0x0000000083600000|  0%| F|  |TAMS 0x0000000083500000, 0x0000000083500000| Untracked 
|  54|0x0000000083600000, 0x0000000083600000, 0x0000000083700000|  0%| F|  |TAMS 0x0000000083600000, 0x0000000083600000| Untracked 
|  55|0x0000000083700000, 0x0000000083700000, 0x0000000083800000|  0%| F|  |TAMS 0x0000000083700000, 0x0000000083700000| Untracked 
|  56|0x0000000083800000, 0x0000000083800000, 0x0000000083900000|  0%| F|  |TAMS 0x0000000083800000, 0x0000000083800000| Untracked 
|  57|0x0000000083900000, 0x0000000083900000, 0x0000000083a00000|  0%| F|  |TAMS 0x0000000083900000, 0x0000000083900000| Untracked 
|  58|0x0000000083a00000, 0x0000000083a00000, 0x0000000083b00000|  0%| F|  |TAMS 0x0000000083a00000, 0x0000000083a00000| Untracked 
|  59|0x0000000083b00000, 0x0000000083b00000, 0x0000000083c00000|  0%| F|  |TAMS 0x0000000083b00000, 0x0000000083b00000| Untracked 
|  60|0x0000000083c00000, 0x0000000083c00000, 0x0000000083d00000|  0%| F|  |TAMS 0x0000000083c00000, 0x0000000083c00000| Untracked 
|  61|0x0000000083d00000, 0x0000000083d00000, 0x0000000083e00000|  0%| F|  |TAMS 0x0000000083d00000, 0x0000000083d00000| Untracked 
|  62|0x0000000083e00000, 0x0000000083e00000, 0x0000000083f00000|  0%| F|  |TAMS 0x0000000083e00000, 0x0000000083e00000| Untracked 
|  63|0x0000000083f00000, 0x0000000083f00000, 0x0000000084000000|  0%| F|  |TAMS 0x0000000083f00000, 0x0000000083f00000| Untracked 
|  64|0x0000000084000000, 0x0000000084000000, 0x0000000084100000|  0%| F|  |TAMS 0x0000000084000000, 0x0000000084000000| Untracked 
|  65|0x0000000084100000, 0x0000000084100000, 0x0000000084200000|  0%| F|  |TAMS 0x0000000084100000, 0x0000000084100000| Untracked 
|  66|0x0000000084200000, 0x0000000084200000, 0x0000000084300000|  0%| F|  |TAMS 0x0000000084200000, 0x0000000084200000| Untracked 
|  67|0x0000000084300000, 0x0000000084300000, 0x0000000084400000|  0%| F|  |TAMS 0x0000000084300000, 0x0000000084300000| Untracked 
|  68|0x0000000084400000, 0x0000000084400000, 0x0000000084500000|  0%| F|  |TAMS 0x0000000084400000, 0x0000000084400000| Untracked 
|  69|0x0000000084500000, 0x0000000084500000, 0x0000000084600000|  0%| F|  |TAMS 0x0000000084500000, 0x0000000084500000| Untracked 
|  70|0x0000000084600000, 0x0000000084600000, 0x0000000084700000|  0%| F|  |TAMS 0x0000000084600000, 0x0000000084600000| Untracked 
|  71|0x0000000084700000, 0x0000000084700000, 0x0000000084800000|  0%| F|  |TAMS 0x0000000084700000, 0x0000000084700000| Untracked 
|  72|0x0000000084800000, 0x00000000848e08f8, 0x0000000084900000| 87%| E|  |TAMS 0x0000000084800000, 0x0000000084800000| Complete 
|  73|0x0000000084900000, 0x0000000084a00000, 0x0000000084a00000|100%| E|CS|TAMS 0x0000000084900000, 0x0000000084900000| Complete 
|  74|0x0000000084a00000, 0x0000000084b00000, 0x0000000084b00000|100%| E|CS|TAMS 0x0000000084a00000, 0x0000000084a00000| Complete 
|  75|0x0000000084b00000, 0x0000000084c00000, 0x0000000084c00000|100%| E|CS|TAMS 0x0000000084b00000, 0x0000000084b00000| Complete 
|  76|0x0000000084c00000, 0x0000000084d00000, 0x0000000084d00000|100%| E|CS|TAMS 0x0000000084c00000, 0x0000000084c00000| Complete 
|  77|0x0000000084d00000, 0x0000000084e00000, 0x0000000084e00000|100%| E|CS|TAMS 0x0000000084d00000, 0x0000000084d00000| Complete 
|  78|0x0000000084e00000, 0x0000000084f00000, 0x0000000084f00000|100%| E|CS|TAMS 0x0000000084e00000, 0x0000000084e00000| Complete 
|  79|0x0000000084f00000, 0x0000000085000000, 0x0000000085000000|100%| E|CS|TAMS 0x0000000084f00000, 0x0000000084f00000| Complete 
|  80|0x0000000085000000, 0x0000000085100000, 0x0000000085100000|100%| E|CS|TAMS 0x0000000085000000, 0x0000000085000000| Complete 
| 198|0x000000008c600000, 0x000000008c700000, 0x000000008c700000|100%| E|CS|TAMS 0x000000008c600000, 0x000000008c600000| Complete 
| 199|0x000000008c700000, 0x000000008c800000, 0x000000008c800000|100%| E|CS|TAMS 0x000000008c700000, 0x000000008c700000| Complete 
| 200|0x000000008c800000, 0x000000008c900000, 0x000000008c900000|100%| E|CS|TAMS 0x000000008c800000, 0x000000008c800000| Complete 
| 201|0x000000008c900000, 0x000000008ca00000, 0x000000008ca00000|100%| E|CS|TAMS 0x000000008c900000, 0x000000008c900000| Complete 
| 202|0x000000008ca00000, 0x000000008cb00000, 0x000000008cb00000|100%| E|CS|TAMS 0x000000008ca00000, 0x000000008ca00000| Complete 
| 203|0x000000008cb00000, 0x000000008cc00000, 0x000000008cc00000|100%| E|CS|TAMS 0x000000008cb00000, 0x000000008cb00000| Complete 
| 204|0x000000008cc00000, 0x000000008cca8c00, 0x000000008cd00000| 65%| S|CS|TAMS 0x000000008cc00000, 0x000000008cc00000| Complete 
| 205|0x000000008cd00000, 0x000000008ce00000, 0x000000008ce00000|100%| E|CS|TAMS 0x000000008cd00000, 0x000000008cd00000| Complete 
| 253|0x000000008fd00000, 0x000000008fe00000, 0x000000008fe00000|100%| E|CS|TAMS 0x000000008fd00000, 0x000000008fd00000| Complete 

Card table byte_map: [0x000001bc77110000,0x000001bc77510000] _byte_map_base: 0x000001bc76d10000

Marking Bits (Prev, Next): (CMBitMap*) 0x000001bc64560b90, (CMBitMap*) 0x000001bc64560b50
 Prev Bits: [0x000001bc79910000, 0x000001bc7b910000)
 Next Bits: [0x000001bc77910000, 0x000001bc79910000)

Polling page: 0x000001bc62460000

Metaspace:

Usage:
  Non-class:     52.99 MB used.
      Class:      8.17 MB used.
       Both:     61.17 MB used.

Virtual space:
  Non-class space:       64.00 MB reserved,      53.31 MB ( 83%) committed,  1 nodes.
      Class space:        1.00 GB reserved,       8.44 MB ( <1%) committed,  1 nodes.
             Both:        1.06 GB reserved,      61.75 MB (  6%) committed. 

Chunk freelists:
   Non-Class:  10.14 MB
       Class:  7.47 MB
        Both:  17.61 MB

MaxMetaspaceSize: unlimited
CompressedClassSpaceSize: 1.00 GB
Initial GC threshold: 21.00 MB
Current GC threshold: 95.12 MB
CDS: off
MetaspaceReclaimPolicy: balanced
 - commit_granule_bytes: 65536.
 - commit_granule_words: 8192.
 - virtual_space_node_default_size: 8388608.
 - enlarge_chunks_in_place: 1.
 - new_chunks_are_fully_committed: 0.
 - uncommit_free_chunks: 1.
 - use_allocation_guard: 0.
 - handle_deallocations: 1.


Internal statistics:

num_allocs_failed_limit: 6.
num_arena_births: 602.
num_arena_deaths: 0.
num_vsnodes_births: 2.
num_vsnodes_deaths: 0.
num_space_committed: 988.
num_space_uncommitted: 0.
num_chunks_returned_to_freelist: 6.
num_chunks_taken_from_freelist: 2659.
num_chunk_merges: 6.
num_chunk_splits: 1781.
num_chunks_enlarged: 1208.
num_inconsistent_stats: 0.

CodeHeap 'non-profiled nmethods': size=120000Kb used=3078Kb max_used=3330Kb free=116921Kb
 bounds [0x000001bc6f4b0000, 0x000001bc6f800000, 0x000001bc769e0000]
CodeHeap 'profiled nmethods': size=120000Kb used=10062Kb max_used=10762Kb free=109937Kb
 bounds [0x000001bc679e0000, 0x000001bc68470000, 0x000001bc6ef10000]
CodeHeap 'non-nmethods': size=5760Kb used=2356Kb max_used=2397Kb free=3403Kb
 bounds [0x000001bc6ef10000, 0x000001bc6f180000, 0x000001bc6f4b0000]
 total_blobs=6239 nmethods=5371 adapters=780
 compilation: enabled
              stopped_count=0, restarted_count=0
 full_count=0

Compilation events (20 events):
Event: 10.725 Thread 0x000001bc7e580da0 nmethod 6169 0x000001bc67cf4490 code [0x000001bc67cf4860, 0x000001bc67cf6c58]
Event: 10.726 Thread 0x000001bc7e580da0 6170       3       org.gradle.model.internal.asm.BytecodeFragment$$Lambda$132/0x000000010028dcd8::emit (5 bytes)
Event: 10.727 Thread 0x000001bc7e580da0 nmethod 6170 0x000001bc68045a10 code [0x000001bc68045ba0, 0x000001bc68045cf8]
Event: 10.727 Thread 0x000001bc7e580da0 6171       3       org.gradle.model.internal.asm.BytecodeFragment::lambda$static$0 (1 bytes)
Event: 10.727 Thread 0x000001bc7e580da0 nmethod 6171 0x000001bc68097310 code [0x000001bc680974a0, 0x000001bc68097598]
Event: 10.735 Thread 0x000001bc7e580da0 6173       1       org.objectweb.asm.SymbolTable::getSource (5 bytes)
Event: 10.735 Thread 0x000001bc7e580da0 nmethod 6173 0x000001bc6f4daf10 code [0x000001bc6f4db0a0, 0x000001bc6f4db178]
Event: 10.739 Thread 0x000001bc7e580da0 6174       3       org.objectweb.asm.ClassVisitor::<init> (94 bytes)
Event: 10.741 Thread 0x000001bc7e580da0 nmethod 6174 0x000001bc67bb1890 code [0x000001bc67bb1ae0, 0x000001bc67bb23e8]
Event: 10.741 Thread 0x000001bc7e580da0 6176       3       com.google.common.collect.LinkedHashMultimap$ValueSet::iterator (9 bytes)
Event: 10.741 Thread 0x000001bc7e580da0 nmethod 6176 0x000001bc67bb1290 code [0x000001bc67bb1440, 0x000001bc67bb1758]
Event: 10.741 Thread 0x000001bc7e580da0 6177       3       com.google.common.collect.LinkedHashMultimap$ValueSet$1::<init> (32 bytes)
Event: 10.741 Thread 0x000001bc7e580da0 nmethod 6177 0x000001bc67bb0b90 code [0x000001bc67bb0d40, 0x000001bc67bb0f98]
Event: 10.741 Thread 0x000001bc7e580da0 6175       1       org.gradle.model.internal.asm.AsmClassGenerator::getGeneratedType (5 bytes)
Event: 10.741 Thread 0x000001bc7e580da0 nmethod 6175 0x000001bc6f4dac10 code [0x000001bc6f4dada0, 0x000001bc6f4dae78]
Event: 10.745 Thread 0x000001bc7e580da0 6178       1       org.gradle.api.internal.collections.DefaultCollectionEventRegister::getAddActions (5 bytes)
Event: 10.745 Thread 0x000001bc7e580da0 nmethod 6178 0x000001bc6f4da890 code [0x000001bc6f4daa20, 0x000001bc6f4daaf8]
Event: 10.749 Thread 0x000001bc7e580da0 6179       3       org.gradle.internal.logging.sink.OutputEventRenderer::onOutput (82 bytes)
Event: 10.749 Thread 0x000001bc7e580da0 nmethod 6179 0x000001bc67e7ec90 code [0x000001bc67e7eee0, 0x000001bc67e7fb18]
Event: 10.749 Thread 0x000001bc7e580da0 6180       3       org.gradle.internal.logging.sink.OutputEventListenerManager$1::onOutput (33 bytes)

GC Heap History (20 events):
Event: 7.283 GC heap before
{Heap before GC invocations=11 (full 0):
 garbage-first heap   total 68608K, used 52287K [0x0000000080000000, 0x0000000100000000)
  region size 1024K, 24 young (24576K), 3 survivors (3072K)
 Metaspace       used 44504K, committed 44864K, reserved 1114112K
  class space    used 5882K, committed 6016K, reserved 1048576K
}
Event: 7.288 GC heap after
{Heap after GC invocations=12 (full 0):
 garbage-first heap   total 82944K, used 33055K [0x0000000080000000, 0x0000000100000000)
  region size 1024K, 3 young (3072K), 3 survivors (3072K)
 Metaspace       used 44504K, committed 44864K, reserved 1114112K
  class space    used 5882K, committed 6016K, reserved 1048576K
}
Event: 7.978 GC heap before
{Heap before GC invocations=12 (full 0):
 garbage-first heap   total 82944K, used 62751K [0x0000000080000000, 0x0000000100000000)
  region size 1024K, 31 young (31744K), 3 survivors (3072K)
 Metaspace       used 48608K, committed 49024K, reserved 1114112K
  class space    used 6448K, committed 6592K, reserved 1048576K
}
Event: 7.983 GC heap after
{Heap after GC invocations=13 (full 0):
 garbage-first heap   total 82944K, used 34556K [0x0000000080000000, 0x0000000100000000)
  region size 1024K, 2 young (2048K), 2 survivors (2048K)
 Metaspace       used 48608K, committed 49024K, reserved 1114112K
  class space    used 6448K, committed 6592K, reserved 1048576K
}
Event: 8.528 GC heap before
{Heap before GC invocations=13 (full 0):
 garbage-first heap   total 82944K, used 64252K [0x0000000080000000, 0x0000000100000000)
  region size 1024K, 31 young (31744K), 2 survivors (2048K)
 Metaspace       used 51864K, committed 52352K, reserved 1114112K
  class space    used 6929K, committed 7168K, reserved 1048576K
}
Event: 8.533 GC heap after
{Heap after GC invocations=14 (full 0):
 garbage-first heap   total 82944K, used 35929K [0x0000000080000000, 0x0000000100000000)
  region size 1024K, 3 young (3072K), 3 survivors (3072K)
 Metaspace       used 51864K, committed 52352K, reserved 1114112K
  class space    used 6929K, committed 7168K, reserved 1048576K
}
Event: 9.095 GC heap before
{Heap before GC invocations=14 (full 0):
 garbage-first heap   total 82944K, used 63577K [0x0000000080000000, 0x0000000100000000)
  region size 1024K, 29 young (29696K), 3 survivors (3072K)
 Metaspace       used 52860K, committed 53312K, reserved 1114112K
  class space    used 7030K, committed 7232K, reserved 1048576K
}
Event: 9.103 GC heap after
{Heap after GC invocations=15 (full 0):
 garbage-first heap   total 82944K, used 44712K [0x0000000080000000, 0x0000000100000000)
  region size 1024K, 4 young (4096K), 4 survivors (4096K)
 Metaspace       used 52860K, committed 53312K, reserved 1114112K
  class space    used 7030K, committed 7232K, reserved 1048576K
}
Event: 9.305 GC heap before
{Heap before GC invocations=16 (full 0):
 garbage-first heap   total 83968K, used 60072K [0x0000000080000000, 0x0000000100000000)
  region size 1024K, 19 young (19456K), 4 survivors (4096K)
 Metaspace       used 53773K, committed 54208K, reserved 1114112K
  class space    used 7142K, committed 7360K, reserved 1048576K
}
Event: 9.309 GC heap after
{Heap after GC invocations=17 (full 0):
 garbage-first heap   total 83968K, used 48632K [0x0000000080000000, 0x0000000100000000)
  region size 1024K, 3 young (3072K), 3 survivors (3072K)
 Metaspace       used 53773K, committed 54208K, reserved 1114112K
  class space    used 7142K, committed 7360K, reserved 1048576K
}
Event: 9.609 GC heap before
{Heap before GC invocations=18 (full 0):
 garbage-first heap   total 91136K, used 65016K [0x0000000080000000, 0x0000000100000000)
  region size 1024K, 18 young (18432K), 3 survivors (3072K)
 Metaspace       used 55089K, committed 55616K, reserved 1114112K
  class space    used 7358K, committed 7616K, reserved 1048576K
}
Event: 9.610 GC heap after
{Heap after GC invocations=19 (full 0):
 garbage-first heap   total 91136K, used 50319K [0x0000000080000000, 0x0000000100000000)
  region size 1024K, 1 young (1024K), 1 survivors (1024K)
 Metaspace       used 55089K, committed 55616K, reserved 1114112K
  class space    used 7358K, committed 7616K, reserved 1048576K
}
Event: 9.657 GC heap before
{Heap before GC invocations=19 (full 0):
 garbage-first heap   total 91136K, used 52367K [0x0000000080000000, 0x0000000100000000)
  region size 1024K, 4 young (4096K), 1 survivors (1024K)
 Metaspace       used 55368K, committed 55808K, reserved 1114112K
  class space    used 7398K, committed 7616K, reserved 1048576K
}
Event: 9.660 GC heap after
{Heap after GC invocations=20 (full 0):
 garbage-first heap   total 91136K, used 49919K [0x0000000080000000, 0x0000000100000000)
  region size 1024K, 1 young (1024K), 1 survivors (1024K)
 Metaspace       used 55368K, committed 55808K, reserved 1114112K
  class space    used 7398K, committed 7616K, reserved 1048576K
}
Event: 9.979 GC heap before
{Heap before GC invocations=20 (full 0):
 garbage-first heap   total 91136K, used 68351K [0x0000000080000000, 0x0000000100000000)
  region size 1024K, 20 young (20480K), 1 survivors (1024K)
 Metaspace       used 57438K, committed 57920K, reserved 1114112K
  class space    used 7645K, committed 7872K, reserved 1048576K
}
Event: 9.981 GC heap after
{Heap after GC invocations=21 (full 0):
 garbage-first heap   total 91136K, used 50379K [0x0000000080000000, 0x0000000100000000)
  region size 1024K, 1 young (1024K), 1 survivors (1024K)
 Metaspace       used 57438K, committed 57920K, reserved 1114112K
  class space    used 7645K, committed 7872K, reserved 1048576K
}
Event: 10.330 GC heap before
{Heap before GC invocations=22 (full 0):
 garbage-first heap   total 92160K, used 70859K [0x0000000080000000, 0x0000000100000000)
  region size 1024K, 21 young (21504K), 1 survivors (1024K)
 Metaspace       used 59715K, committed 60160K, reserved 1114112K
  class space    used 7931K, committed 8128K, reserved 1048576K
}
Event: 10.333 GC heap after
{Heap after GC invocations=23 (full 0):
 garbage-first heap   total 92160K, used 50837K [0x0000000080000000, 0x0000000100000000)
  region size 1024K, 2 young (2048K), 2 survivors (2048K)
 Metaspace       used 59715K, committed 60160K, reserved 1114112K
  class space    used 7931K, committed 8128K, reserved 1048576K
}
Event: 10.381 GC heap before
{Heap before GC invocations=23 (full 0):
 garbage-first heap   total 92160K, used 52885K [0x0000000080000000, 0x0000000100000000)
  region size 1024K, 4 young (4096K), 2 survivors (2048K)
 Metaspace       used 59933K, committed 60416K, reserved 1114112K
  class space    used 7959K, committed 8192K, reserved 1048576K
}
Event: 10.384 GC heap after
{Heap after GC invocations=24 (full 0):
 garbage-first heap   total 92160K, used 50906K [0x0000000080000000, 0x0000000100000000)
  region size 1024K, 1 young (1024K), 1 survivors (1024K)
 Metaspace       used 59933K, committed 60416K, reserved 1114112K
  class space    used 7959K, committed 8192K, reserved 1048576K
}

Dll operation events (3 events):
Event: 0.035 Loaded shared library C:\Program Files\Android\Android Studio\jbr\bin\java.dll
Event: 0.302 Loaded shared library C:\Program Files\Android\Android Studio\jbr\bin\zip.dll
Event: 0.579 Loaded shared library C:\Program Files\Android\Android Studio\jbr\bin\verify.dll

Deoptimization events (20 events):
Event: 10.607 Thread 0x000001bc04756930 Uncommon trap: trap_request=0xffffffde fr.pc=0x000001bc6f76b358 relative=0x0000000000000158
Event: 10.607 Thread 0x000001bc04756930 Uncommon trap: reason=class_check action=maybe_recompile pc=0x000001bc6f76b358 method=java.lang.reflect.Array.newInstance(Ljava/lang/Class;I)Ljava/lang/Object; @ 2 c2
Event: 10.607 Thread 0x000001bc04756930 DEOPT PACKING pc=0x000001bc6f76b358 sp=0x000000a3011f3000
Event: 10.607 Thread 0x000001bc04756930 DEOPT UNPACKING pc=0x000001bc6ef6a1a3 sp=0x000000a3011f2f98 mode 2
Event: 10.612 Thread 0x000001bc04756930 Uncommon trap: trap_request=0xffffff76 fr.pc=0x000001bc6f7052d8 relative=0x0000000000000198
Event: 10.612 Thread 0x000001bc04756930 Uncommon trap: reason=predicate action=maybe_recompile pc=0x000001bc6f7052d8 method=java.util.Arrays.binarySearch0([Ljava/lang/Object;IILjava/lang/Object;Ljava/util/Comparator;)I @ 25 c2
Event: 10.612 Thread 0x000001bc04756930 DEOPT PACKING pc=0x000001bc6f7052d8 sp=0x000000a3011f4210
Event: 10.612 Thread 0x000001bc04756930 DEOPT UNPACKING pc=0x000001bc6ef6a1a3 sp=0x000000a3011f4120 mode 2
Event: 10.612 Thread 0x000001bc04756930 Uncommon trap: trap_request=0xffffff76 fr.pc=0x000001bc6f703fdc relative=0x000000000000019c
Event: 10.612 Thread 0x000001bc04756930 Uncommon trap: reason=predicate action=maybe_recompile pc=0x000001bc6f703fdc method=java.util.Arrays.binarySearch0([Ljava/lang/Object;IILjava/lang/Object;Ljava/util/Comparator;)I @ 25 c2
Event: 10.612 Thread 0x000001bc04756930 DEOPT PACKING pc=0x000001bc6f703fdc sp=0x000000a3011f4190
Event: 10.612 Thread 0x000001bc04756930 DEOPT UNPACKING pc=0x000001bc6ef6a1a3 sp=0x000000a3011f4120 mode 2
Event: 10.671 Thread 0x000001bc04756930 Uncommon trap: trap_request=0xffffff45 fr.pc=0x000001bc6f718e88 relative=0x00000000000001e8
Event: 10.671 Thread 0x000001bc04756930 Uncommon trap: reason=unstable_if action=reinterpret pc=0x000001bc6f718e88 method=java.security.SecureClassLoader$CodeSourceKey.hashCode()I @ 9 c2
Event: 10.671 Thread 0x000001bc04756930 DEOPT PACKING pc=0x000001bc6f718e88 sp=0x000000a3011f3260
Event: 10.671 Thread 0x000001bc04756930 DEOPT UNPACKING pc=0x000001bc6ef6a1a3 sp=0x000000a3011f31f0 mode 2
Event: 10.671 Thread 0x000001bc04756930 Uncommon trap: trap_request=0xffffff45 fr.pc=0x000001bc6f70f8cc relative=0x0000000000000e0c
Event: 10.671 Thread 0x000001bc04756930 Uncommon trap: reason=unstable_if action=reinterpret pc=0x000001bc6f70f8cc method=java.lang.ClassLoader.defineClassSourceLocation(Ljava/security/ProtectionDomain;)Ljava/lang/String; @ 15 c2
Event: 10.671 Thread 0x000001bc04756930 DEOPT PACKING pc=0x000001bc6f70f8cc sp=0x000000a3011f33e0
Event: 10.671 Thread 0x000001bc04756930 DEOPT UNPACKING pc=0x000001bc6ef6a1a3 sp=0x000000a3011f3300 mode 2

Classes unloaded (0 events):
No events

Classes redefined (0 events):
No events

Internal exceptions (20 events):
Event: 8.993 Thread 0x000001bc05c5dc00 Exception <a 'java/lang/NoSuchMethodError'{0x0000000083d08438}: static Lorg/gradle/internal/build/event/types/DefaultOperationFinishedProgressEvent;.<clinit>()V> (0x0000000083d08438) 
thrown [s\src\hotspot\share\prims\jni.cpp, line 1108]
Event: 8.997 Thread 0x000001bc05c5dc00 Exception <a 'java/lang/NoSuchMethodError'{0x0000000083d2fd50}: static Lorg/gradle/internal/build/event/types/DefaultProjectConfigurationSuccessResult;.<clinit>()V> (0x0000000083d2fd50) 
thrown [s\src\hotspot\share\prims\jni.cpp, line 1108]
Event: 8.997 Thread 0x000001bc05c5dc00 Exception <a 'java/lang/NoSuchMethodError'{0x0000000083d31068}: static Lorg/gradle/internal/build/event/types/AbstractProjectConfigurationResult;.<clinit>()V> (0x0000000083d31068) 
thrown [s\src\hotspot\share\prims\jni.cpp, line 1108]
Event: 8.997 Thread 0x000001bc05c5dc00 Exception <a 'java/lang/NoSuchMethodError'{0x0000000083d32508}: static Lorg/gradle/internal/build/event/types/AbstractOperationResult;.<clinit>()V> (0x0000000083d32508) 
thrown [s\src\hotspot\share\prims\jni.cpp, line 1108]
Event: 8.997 Thread 0x000001bc05c5dc00 Exception <a 'java/lang/NoSuchMethodError'{0x0000000083d339b8}: static Lorg/gradle/internal/build/event/types/AbstractResult;.<clinit>()V> (0x0000000083d339b8) 
thrown [s\src\hotspot\share\prims\jni.cpp, line 1108]
Event: 8.999 Thread 0x000001bc05c5dc00 Exception <a 'java/lang/NoSuchMethodError'{0x0000000083d4a870}: static Lorg/gradle/internal/build/event/types/DefaultPluginApplicationResult;.<clinit>()V> (0x0000000083d4a870) 
thrown [s\src\hotspot\share\prims\jni.cpp, line 1108]
Event: 9.001 Thread 0x000001bc05c5dc00 Exception <a 'java/lang/NoSuchMethodError'{0x0000000083d56768}: static Lorg/gradle/internal/build/event/types/DefaultBinaryPluginIdentifier;.<clinit>()V> (0x0000000083d56768) 
thrown [s\src\hotspot\share\prims\jni.cpp, line 1108]
Event: 9.003 Thread 0x000001bc05c5dc00 Exception <a 'java/lang/NoSuchMethodError'{0x0000000083d6e610}: static Lorg/gradle/internal/build/event/types/DefaultScriptPluginIdentifier;.<clinit>()V> (0x0000000083d6e610) 
thrown [s\src\hotspot\share\prims\jni.cpp, line 1108]
Event: 9.016 Thread 0x000001bc04756930 Exception <a 'java/lang/ClassNotFoundException'{0x0000000083dc78d8}: build_3znm6atnrdyvt7jafxdobiu3eBeanInfo> (0x0000000083dc78d8) 
thrown [s\src\hotspot\share\classfile\systemDictionary.cpp, line 256]
Event: 9.017 Thread 0x000001bc04756930 Exception <a 'java/lang/ClassNotFoundException'{0x0000000083dce318}: build_3znm6atnrdyvt7jafxdobiu3eCustomizer> (0x0000000083dce318) 
thrown [s\src\hotspot\share\classfile\systemDictionary.cpp, line 256]
Event: 9.138 Thread 0x000001bc04756930 Exception <a 'java/lang/ClassNotFoundException'{0x000000008cc79668}: sun/misc/SharedSecrets> (0x000000008cc79668) 
thrown [s\src\hotspot\share\classfile\systemDictionary.cpp, line 256]
Event: 9.138 Thread 0x000001bc04756930 Exception <a 'java/lang/ClassNotFoundException'{0x000000008cc7a998}: org/gradle/api/internal/plugins/DefaultObjectConfigurationActionBeanInfo> (0x000000008cc7a998) 
thrown [s\src\hotspot\share\classfile\systemDictionary.cpp, line 256]
Event: 9.139 Thread 0x000001bc04756930 Exception <a 'java/lang/ClassNotFoundException'{0x000000008cc8d430}: org/gradle/api/internal/plugins/DefaultObjectConfigurationActionCustomizer> (0x000000008cc8d430) 
thrown [s\src\hotspot\share\classfile\systemDictionary.cpp, line 256]
Event: 9.480 Thread 0x000001bc04756930 Exception <a 'java/lang/NoSuchMethodError'{0x000000008c632cd8}: 'java.lang.Object java.lang.invoke.DirectMethodHandle$Holder.newInvokeSpecial(java.lang.Object, java.lang.Object, java.lang.Object, java.lang.Object, int)'> (0x000000008c632cd8) 
thrown [s\src\hotspot\share\interpreter\linkResolver.cpp, line 771]
Event: 9.480 Thread 0x000001bc04756930 Exception <a 'java/lang/NoSuchMethodError'{0x000000008c637e78}: 'java.lang.Object java.lang.invoke.DirectMethodHandle$Holder.invokeSpecial(java.lang.Object, java.lang.Object, java.lang.Object, java.lang.Object, java.lang.Object, int)'> (0x000000008c637e78) 
thrown [s\src\hotspot\share\interpreter\linkResolver.cpp, line 771]
Event: 9.481 Thread 0x000001bc04756930 Exception <a 'java/lang/NoSuchMethodError'{0x000000008c63c950}: 'java.lang.Object java.lang.invoke.Invokers$Holder.linkToTargetMethod(java.lang.Object, java.lang.Object, java.lang.Object, int, java.lang.Object)'> (0x000000008c63c950) 
thrown [s\src\hotspot\share\interpreter\linkResolver.cpp, line 771]
Event: 9.810 Thread 0x000001bc04756930 Exception <a 'java/lang/NoSuchMethodError'{0x0000000084fe69c0}: 'int java.lang.invoke.DirectMethodHandle$Holder.invokeInterface(java.lang.Object, java.lang.Object, java.lang.Object, java.lang.Object)'> (0x0000000084fe69c0) 
thrown [s\src\hotspot\share\interpreter\linkResolver.cpp, line 771]
Event: 10.597 Thread 0x000001bc04756930 Exception <a 'java/lang/IncompatibleClassChangeError'{0x00000000850dada8}: Found class java.lang.Object, but interface was expected> (0x00000000850dada8) 
thrown [s\src\hotspot\share\interpreter\linkResolver.cpp, line 838]
Event: 10.671 Thread 0x000001bc04756930 Implicit null exception at 0x000001bc6f718cd9 to 0x000001bc6f718e78
Event: 10.671 Thread 0x000001bc04756930 Implicit null exception at 0x000001bc6f70f089 to 0x000001bc6f70f878

VM Operations (20 events):
Event: 9.381 Executing VM operation: G1Concurrent
Event: 9.382 Executing VM operation: G1Concurrent done
Event: 9.609 Executing VM operation: G1CollectForAllocation
Event: 9.610 Executing VM operation: G1CollectForAllocation done
Event: 9.657 Executing VM operation: G1CollectForAllocation
Event: 9.660 Executing VM operation: G1CollectForAllocation done
Event: 9.800 Executing VM operation: HandshakeAllThreads
Event: 9.800 Executing VM operation: HandshakeAllThreads done
Event: 9.809 Executing VM operation: HandshakeAllThreads
Event: 9.809 Executing VM operation: HandshakeAllThreads done
Event: 9.978 Executing VM operation: G1CollectForAllocation
Event: 9.981 Executing VM operation: G1CollectForAllocation done
Event: 10.027 Executing VM operation: G1Concurrent
Event: 10.031 Executing VM operation: G1Concurrent done
Event: 10.057 Executing VM operation: G1Concurrent
Event: 10.057 Executing VM operation: G1Concurrent done
Event: 10.330 Executing VM operation: G1CollectForAllocation
Event: 10.333 Executing VM operation: G1CollectForAllocation done
Event: 10.381 Executing VM operation: G1CollectForAllocation
Event: 10.385 Executing VM operation: G1CollectForAllocation done

Events (20 events):
Event: 10.665 loading class javax/management/NotificationListener done
Event: 10.665 loading class javax/management/NotificationFilter
Event: 10.665 loading class javax/management/NotificationFilter done
Event: 10.665 loading class javax/management/ListenerNotFoundException
Event: 10.666 loading class javax/management/ListenerNotFoundException done
Event: 10.666 loading class jdk/jfr/Recording
Event: 10.666 loading class jdk/jfr/Recording done
Event: 10.666 loading class jdk/jfr/FlightRecorder
Event: 10.666 loading class jdk/jfr/FlightRecorder done
Event: 10.666 loading class jdk/management/jfr/FlightRecorderMXBeanImpl$MXBeanListener
Event: 10.667 loading class jdk/jfr/FlightRecorderListener
Event: 10.667 loading class jdk/jfr/FlightRecorderListener done
Event: 10.667 loading class jdk/management/jfr/FlightRecorderMXBeanImpl$MXBeanListener done
Event: 10.669 loading class sun/reflect/misc/MethodUtil
Event: 10.669 loading class sun/reflect/misc/MethodUtil done
Event: 10.670 loading class sun/reflect/misc/MethodUtil$1
Event: 10.670 loading class sun/reflect/misc/MethodUtil$1 done
Event: 10.674 Thread 0x000001bc06404f10 Thread added: 0x000001bc06404f10
Event: 10.678 loading class java/lang/Byte$ByteCache
Event: 10.678 loading class java/lang/Byte$ByteCache done


Dynamic libraries:
0x00007ff7d3590000 - 0x00007ff7d359a000 	C:\Program Files\Android\Android Studio\jbr\bin\java.exe
0x00007ffd01350000 - 0x00007ffd01548000 	C:\windows\SYSTEM32\ntdll.dll
0x00007ffd006c0000 - 0x00007ffd0077d000 	C:\windows\System32\KERNEL32.DLL
0x00007ffcfeab0000 - 0x00007ffcfeda6000 	C:\windows\System32\KERNELBASE.dll
0x00007ffcff1e0000 - 0x00007ffcff2e0000 	C:\windows\System32\ucrtbase.dll
0x00007ffcf2c30000 - 0x00007ffcf2c47000 	C:\Program Files\Android\Android Studio\jbr\bin\jli.dll
0x00007ffcf4620000 - 0x00007ffcf463b000 	C:\Program Files\Android\Android Studio\jbr\bin\VCRUNTIME140.dll
0x00007ffd007f0000 - 0x00007ffd0098f000 	C:\windows\System32\USER32.dll
0x00007ffce36c0000 - 0x00007ffce395a000 	C:\windows\WinSxS\amd64_microsoft.windows.common-controls_6595b64144ccf1df_6.0.19041.3636_none_60b6a03d71f818d5\COMCTL32.dll
0x00007ffcff350000 - 0x00007ffcff372000 	C:\windows\System32\win32u.dll
0x00007ffcff700000 - 0x00007ffcff79e000 	C:\windows\System32\msvcrt.dll
0x00007ffcff910000 - 0x00007ffcff93b000 	C:\windows\System32\GDI32.dll
0x00007ffcfedb0000 - 0x00007ffcfeec7000 	C:\windows\System32\gdi32full.dll
0x00007ffcfefe0000 - 0x00007ffcff07d000 	C:\windows\System32\msvcp_win.dll
0x00007ffcffca0000 - 0x00007ffcffcd2000 	C:\windows\System32\IMM32.DLL
0x00007ffcfb1e0000 - 0x00007ffcfb1ec000 	C:\Program Files\Android\Android Studio\jbr\bin\vcruntime140_1.dll
0x00007ffce5c20000 - 0x00007ffce5cad000 	C:\Program Files\Android\Android Studio\jbr\bin\msvcp140.dll
0x00007ffcafd30000 - 0x00007ffcb09b0000 	C:\Program Files\Android\Android Studio\jbr\bin\server\jvm.dll
0x00007ffd00a00000 - 0x00007ffd00ab0000 	C:\windows\System32\ADVAPI32.dll
0x00007ffcffea0000 - 0x00007ffcfff40000 	C:\windows\System32\sechost.dll
0x00007ffcffd70000 - 0x00007ffcffe93000 	C:\windows\System32\RPCRT4.dll
0x00007ffcfefb0000 - 0x00007ffcfefd7000 	C:\windows\System32\bcrypt.dll
0x00007ffcfb1f0000 - 0x00007ffcfb1f9000 	C:\windows\SYSTEM32\WSOCK32.dll
0x00007ffcd7c60000 - 0x00007ffcd7c87000 	C:\windows\SYSTEM32\WINMM.dll
0x00007ffcf1a70000 - 0x00007ffcf1a7a000 	C:\windows\SYSTEM32\VERSION.dll
0x00007ffd00990000 - 0x00007ffd009fb000 	C:\windows\System32\WS2_32.dll
0x00007ffcfd220000 - 0x00007ffcfd232000 	C:\windows\SYSTEM32\kernel.appcore.dll
0x00007ffcfb1b0000 - 0x00007ffcfb1ba000 	C:\Program Files\Android\Android Studio\jbr\bin\jimage.dll
0x00007ffcfc5d0000 - 0x00007ffcfc7b4000 	C:\windows\SYSTEM32\DBGHELP.DLL
0x00007ffce0330000 - 0x00007ffce0364000 	C:\windows\SYSTEM32\dbgcore.DLL
0x00007ffcfef20000 - 0x00007ffcfefa2000 	C:\windows\System32\bcryptPrimitives.dll
0x00007ffcf4c60000 - 0x00007ffcf4c6e000 	C:\Program Files\Android\Android Studio\jbr\bin\instrument.dll
0x00007ffcf4540000 - 0x00007ffcf4565000 	C:\Program Files\Android\Android Studio\jbr\bin\java.dll
0x00007ffcf4590000 - 0x00007ffcf45a8000 	C:\Program Files\Android\Android Studio\jbr\bin\zip.dll
0x00007ffd00b80000 - 0x00007ffd012eb000 	C:\windows\System32\SHELL32.dll
0x00007ffcfc8c0000 - 0x00007ffcfd05e000 	C:\windows\SYSTEM32\windows.storage.dll
0x00007ffcff940000 - 0x00007ffcffc93000 	C:\windows\System32\combase.dll
0x00007ffcfe430000 - 0x00007ffcfe45e000 	C:\windows\SYSTEM32\Wldp.dll
0x00007ffd00ab0000 - 0x00007ffd00b7d000 	C:\windows\System32\OLEAUT32.dll
0x00007ffd00610000 - 0x00007ffd006bd000 	C:\windows\System32\SHCORE.dll
0x00007ffcff500000 - 0x00007ffcff555000 	C:\windows\System32\shlwapi.dll
0x00007ffcfe930000 - 0x00007ffcfe953000 	C:\windows\SYSTEM32\profapi.dll
0x00007ffcf3090000 - 0x00007ffcf30a9000 	C:\Program Files\Android\Android Studio\jbr\bin\net.dll
0x00007ffcf61a0000 - 0x00007ffcf62aa000 	C:\windows\SYSTEM32\WINHTTP.dll
0x00007ffcfe190000 - 0x00007ffcfe1fa000 	C:\windows\system32\mswsock.dll
0x00007ffcf2c50000 - 0x00007ffcf2c66000 	C:\Program Files\Android\Android Studio\jbr\bin\nio.dll
0x00007ffcf6660000 - 0x00007ffcf6670000 	C:\Program Files\Android\Android Studio\jbr\bin\verify.dll
0x00007ffcf4f80000 - 0x00007ffcf4fa7000 	C:\Users\coactor\.gradle\native\68d5fa5c4cc2d200863cafc0d521ce42e7d3e7ee720ec0a83991735586a16f82\windows-amd64\native-platform.dll
0x00007ffcbac00000 - 0x00007ffcbad44000 	C:\Users\coactor\.gradle\native\e376f236ea51e6404a007f0833ffe2c6e607c4080706a723a18a27aeea778392\windows-amd64\native-platform-file-events.dll
0x00007ffcf6500000 - 0x00007ffcf6509000 	C:\Program Files\Android\Android Studio\jbr\bin\management.dll
0x00007ffcf5e40000 - 0x00007ffcf5e4b000 	C:\Program Files\Android\Android Studio\jbr\bin\management_ext.dll
0x00007ffd007e0000 - 0x00007ffd007e8000 	C:\windows\System32\PSAPI.DLL
0x00007ffcfe380000 - 0x00007ffcfe398000 	C:\windows\SYSTEM32\CRYPTSP.dll
0x00007ffcfda40000 - 0x00007ffcfda74000 	C:\windows\system32\rsaenh.dll
0x00007ffcfe8b0000 - 0x00007ffcfe8de000 	C:\windows\SYSTEM32\USERENV.dll
0x00007ffcfe3a0000 - 0x00007ffcfe3ac000 	C:\windows\SYSTEM32\CRYPTBASE.dll
0x00007ffcfde20000 - 0x00007ffcfde5b000 	C:\windows\SYSTEM32\IPHLPAPI.DLL
0x00007ffcff690000 - 0x00007ffcff698000 	C:\windows\System32\NSI.dll
0x00007ffcf3ca0000 - 0x00007ffcf3cb7000 	C:\windows\SYSTEM32\dhcpcsvc6.DLL
0x00007ffcf4520000 - 0x00007ffcf453d000 	C:\windows\SYSTEM32\dhcpcsvc.DLL
0x00007ffcfde60000 - 0x00007ffcfdf2b000 	C:\windows\SYSTEM32\DNSAPI.dll
0x00007ffcce360000 - 0x00007ffcce367000 	C:\windows\system32\wshunix.dll

dbghelp: loaded successfully - version: 4.0.5 - missing functions: none
symbol engine: initialized successfully - sym options: 0x614 - pdb path: .;C:\Program Files\Android\Android Studio\jbr\bin;C:\windows\SYSTEM32;C:\windows\WinSxS\amd64_microsoft.windows.common-controls_6595b64144ccf1df_6.0.19041.3636_none_60b6a03d71f818d5;C:\Program Files\Android\Android Studio\jbr\bin\server;C:\Users\coactor\.gradle\native\68d5fa5c4cc2d200863cafc0d521ce42e7d3e7ee720ec0a83991735586a16f82\windows-amd64;C:\Users\coactor\.gradle\native\e376f236ea51e6404a007f0833ffe2c6e607c4080706a723a18a27aeea778392\windows-amd64

VM Arguments:
jvm_args: --add-opens=java.base/java.util=ALL-UNNAMED --add-opens=java.base/java.lang=ALL-UNNAMED --add-opens=java.base/java.lang.invoke=ALL-UNNAMED --add-opens=java.prefs/java.util.prefs=ALL-UNNAMED --add-opens=java.base/java.nio.charset=ALL-UNNAMED --add-opens=java.base/java.net=ALL-UNNAMED --add-opens=java.base/java.util.concurrent.atomic=ALL-UNNAMED -Xmx2048m -Dfile.encoding=UTF-8 -Duser.country=CN -Duser.language=zh -Duser.variant -javaagent:C:\Users\coactor\.gradle\wrapper\dists\gradle-8.2-bin\bbg7u40eoinfdyxsxr3z4i7ta\gradle-8.2\lib\agents\gradle-instrumentation-agent-8.2.jar 
java_command: org.gradle.launcher.daemon.bootstrap.GradleDaemon 8.2
java_class_path (initial): C:\Users\coactor\.gradle\wrapper\dists\gradle-8.2-bin\bbg7u40eoinfdyxsxr3z4i7ta\gradle-8.2\lib\gradle-launcher-8.2.jar
Launcher Type: SUN_STANDARD

[Global flags]
     intx CICompilerCount                          = 4                                         {product} {ergonomic}
     uint ConcGCThreads                            = 2                                         {product} {ergonomic}
     uint G1ConcRefinementThreads                  = 8                                         {product} {ergonomic}
   size_t G1HeapRegionSize                         = 1048576                                   {product} {ergonomic}
    uintx GCDrainStackTargetSize                   = 64                                        {product} {ergonomic}
   size_t InitialHeapSize                          = 266338304                                 {product} {ergonomic}
   size_t MarkStackSize                            = 4194304                                   {product} {ergonomic}
   size_t MaxHeapSize                              = 2147483648                                {product} {command line}
   size_t MaxNewSize                               = 1287651328                                {product} {ergonomic}
   size_t MinHeapDeltaBytes                        = 1048576                                   {product} {ergonomic}
   size_t MinHeapSize                              = 8388608                                   {product} {ergonomic}
    uintx NonNMethodCodeHeapSize                   = 5839372                                {pd product} {ergonomic}
    uintx NonProfiledCodeHeapSize                  = 122909434                              {pd product} {ergonomic}
    uintx ProfiledCodeHeapSize                     = 122909434                              {pd product} {ergonomic}
    uintx ReservedCodeCacheSize                    = 251658240                              {pd product} {ergonomic}
     bool SegmentedCodeCache                       = true                                      {product} {ergonomic}
   size_t SoftMaxHeapSize                          = 2147483648                             {manageable} {ergonomic}
     bool UseCompressedClassPointers               = true                           {product lp64_product} {ergonomic}
     bool UseCompressedOops                        = true                           {product lp64_product} {ergonomic}
     bool UseG1GC                                  = true                                      {product} {ergonomic}
     bool UseLargePagesIndividualAllocation        = false                                  {pd product} {ergonomic}

Logging:
Log output configuration:
 #0: stdout all=warning uptime,level,tags
 #1: stderr all=off uptime,level,tags

Environment Variables:
PATH=C:\Program Files\Common Files\Oracle\Java\javapath;C:\windows\system32;C:\windows;C:\windows\System32\Wbem;C:\windows\System32\WindowsPowerShell\v1.0\;C:\windows\System32\OpenSSH\;C:\texlive\2021\bin\win32;C:\Program Files\Microsoft SQL Server01\Client SDK\ODBC\170\Tools\Binn\;C:\Program Files\dotnet\;C:\Program Files (x86)\dotnet\;C:\Program Files (x86)\Tencent\web\dll;C:\Pro;ram Files (x86)\NetSarang\Xshell 7\;C:\Program Files (x86)\NetSarang\Xftp 7\;C:\Program Files\Git\cmd;C:\Program Files\MySQL\MySQL Server 8.0\bin;C:\msys64\ucrt64\bin;C:\\msys64\\clang64\\bin;C:\Program Files (x86)\NetSarang\Xshell 7\;C:\Program Files\nodejs\;C:\Program Files\MySQL\MySQL Shell 8.0\bin\;C:\Users\coactor\AppData\Local\Programs\Python\Python310\Scripts\;C:\Users\coactor\AppData\Local\Programs\Python\Python310\;C:\Users\coactor\AppData\Local\Microsoft\WindowsApps;C:\Program Files\Bandizip\;C:\Program Files\Java\jdk-17\bin;C:\Program Files\Azure Data Studio\bin;C:\Users\coactor\Desktop\sqljdbc_9.4;C:\Program Files\Azure Data Studio\bin;C:\Users\coactor\AppData\Local\Microsoft\WindowsApps;C:\Users\coactor\.dotnet\tools;C:\Program Files\Azure Data Studio\bin;C:\Users\coactor\AppData\Local\Programs\Microsoft VS Code\bin;C:\Program Files\JetBrains\IntelliJ IDEA 2022.2.1\bin;;C:\\msys64\\clang64\\bin;C:\Users\coactor\AppData\Roaming\npm
USERNAME=coactor
OS=Windows_NT
PROCESSOR_IDENTIFIER=Intel64 Family 6 Model 140 Stepping 1, GenuineIntel
TMP=C:\Users\coactor\AppData\Local\Temp
TEMP=C:\Users\coactor\AppData\Local\Temp


JNI global refs:
JNI global refs: 29, weak refs: 0

JNI global refs memory usage: 843, weak refs: 841

OOME stack traces (most recent first):
Classloader memory used:
Loader org.gradle.internal.classloader.VisitableURLClassLoader                         : 3392K
Loader bootstrap                                                                       : 2602K
Loader org.gradle.initialization.MixInLegacyTypesClassLoader                           : 1071K
Loader org.gradle.internal.classloader.VisitableURLClassLoader$InstrumentingVisitableURLClassLoader: 645K
Loader jdk.internal.loader.ClassLoaders$PlatformClassLoader                            : 68133B
Loader jdk.internal.loader.ClassLoaders$AppClassLoader                                 : 28450B
Loader jdk.internal.reflect.DelegatingClassLoader                                      : 22005B
Loader org.gradle.groovy.scripts.internal.DefaultScriptCompilationHandler$ScriptClassLoader: 9594B
Loader org.codehaus.groovy.runtime.callsite.CallSiteClassLoader                        : 1876B
Loader sun.reflect.misc.MethodUtil                                                     : 373B

Classes loaded by more than one classloader:
Class org.gradle.internal.installation.GradleInstallation                             : loaded 2 times (x 73B)
Class com.google.common.collect.Iterators$MergingIterator                             : loaded 2 times (x 79B)
Class [Lcom.google.common.collect.AbstractMapEntry;                                   : loaded 2 times (x 67B)
Class com.google.common.collect.SingletonImmutableList                                : loaded 2 times (x 167B)
Class com.google.common.cache.CacheLoader$SupplierToCacheLoader                       : loaded 2 times (x 73B)
Class org.gradle.internal.classpath.ClassPath                                         : loaded 2 times (x 68B)
Class com.google.common.cache.RemovalListener                                         : loaded 2 times (x 68B)
Class org.gradle.api.internal.classpath.DefaultModuleRegistry                         : loaded 2 times (x 84B)
Class com.google.common.collect.ListMultimap                                          : loaded 2 times (x 68B)
Class com.google.common.base.CharMatcher$JavaDigit                                    : loaded 2 times (x 109B)
Class com.google.common.base.CharMatcher$Digit                                        : loaded 2 times (x 110B)
Class com.google.common.collect.AbstractMultimap                                      : loaded 2 times (x 121B)
Class com.google.common.cache.CacheBuilder$OneWeigher                                 : loaded 2 times (x 80B)
Class org.gradle.api.Action                                                           : loaded 2 times (x 68B)
Class com.google.common.collect.ImmutableEntry                                        : loaded 2 times (x 80B)
Class com.google.common.collect.Lists$StringAsImmutableList                           : loaded 2 times (x 167B)
Class com.google.common.base.CharMatcher                                              : loaded 2 times (x 109B)
Class com.google.common.base.CharMatcher$IsNot                                        : loaded 2 times (x 109B)
Class com.google.common.base.Splitter                                                 : loaded 2 times (x 70B)
Class [Lcom.google.common.cache.Weigher;                                              : loaded 2 times (x 67B)
Class com.google.common.collect.Iterators$ArrayItr                                    : loaded 2 times (x 95B)
Class com.google.common.cache.LocalCache$Segment                                      : loaded 2 times (x 152B)
Class org.gradle.api.internal.DefaultClassPathProvider                                : loaded 2 times (x 74B)
Class org.gradle.internal.installation.GradleInstallation$1                           : loaded 2 times (x 73B)
Class com.google.common.base.CharMatcher$BitSetMatcher                                : loaded 2 times (x 110B)
Class com.google.common.collect.ImmutableMap$IteratorBasedImmutableMap                : loaded 2 times (x 123B)
Class com.google.common.collect.ImmutableMap                                          : loaded 2 times (x 118B)
Class com.google.common.base.Converter                                                : loaded 2 times (x 88B)
Class com.google.common.collect.ImmutableSet$EmptySetBuilderImpl                      : loaded 2 times (x 74B)
Class com.google.common.base.Equivalence                                              : loaded 2 times (x 80B)
Class com.google.common.cache.LocalCache$EntryFactory$1                               : loaded 2 times (x 81B)
Class com.google.common.cache.LocalCache$EntryFactory$2                               : loaded 2 times (x 81B)
Class com.google.common.cache.LocalCache$EntryFactory$3                               : loaded 2 times (x 81B)
Class com.google.common.cache.LocalCache$EntryFactory$4                               : loaded 2 times (x 81B)
Class com.google.common.cache.LocalCache$EntryFactory$5                               : loaded 2 times (x 81B)
Class com.google.common.cache.LocalCache$EntryFactory$6                               : loaded 2 times (x 81B)
Class com.google.common.cache.LocalCache$EntryFactory$7                               : loaded 2 times (x 81B)
Class com.google.common.cache.LocalCache$EntryFactory$8                               : loaded 2 times (x 81B)
Class com.google.common.base.Predicate                                                : loaded 2 times (x 68B)
Class org.gradle.internal.classloader.FilteringClassLoader                            : loaded 2 times (x 102B)
Class com.google.common.collect.RegularImmutableSet                                   : loaded 2 times (x 146B)
Class [Lcom.google.common.cache.LocalCache$Strength;                                  : loaded 2 times (x 67B)
Class org.gradle.internal.classpath.DefaultClassPath$ImmutableUniqueList$Builder      : loaded 2 times (x 73B)
Class com.google.common.collect.Maps$8                                                : loaded 2 times (x 80B)
Class com.google.common.base.PatternCompiler                                          : loaded 2 times (x 68B)
Class [Lcom.google.common.cache.CacheBuilder$NullListener;                            : loaded 2 times (x 67B)
Class com.google.common.base.CharMatcher$InRange                                      : loaded 2 times (x 109B)
Class com.google.common.collect.BiMap                                                 : loaded 2 times (x 68B)
Class com.google.common.collect.Lists                                                 : loaded 2 times (x 69B)
Class com.google.common.math.IntMath$1                                                : loaded 2 times (x 69B)
Class org.gradle.internal.classloader.ClassLoaderVisitor                              : loaded 2 times (x 74B)
Class com.google.common.cache.CacheBuilder$NullListener                               : loaded 2 times (x 80B)
Class com.google.common.math.MathPreconditions                                        : loaded 2 times (x 69B)
Class org.gradle.internal.service.DefaultServiceLocator                               : loaded 2 times (x 81B)
Class org.gradle.internal.service.UnknownServiceException                             : loaded 2 times (x 81B)
Class com.google.common.collect.ArrayListMultimap                                     : loaded 2 times (x 170B)
Class com.google.common.base.Strings                                                  : loaded 2 times (x 69B)
Class com.google.common.cache.CacheLoader$InvalidCacheLoadException                   : loaded 2 times (x 80B)
Class org.gradle.internal.classloader.DefaultClassLoaderFactory                       : loaded 2 times (x 80B)
Class com.google.common.collect.UnmodifiableIterator                                  : loaded 2 times (x 78B)
Class com.google.common.base.Platform$JdkPatternCompiler                              : loaded 2 times (x 73B)
Class com.google.common.cache.LocalCache$LoadingValueReference                        : loaded 2 times (x 94B)
Class com.google.common.base.CharMatcher$SingleWidth                                  : loaded 2 times (x 110B)
Class com.google.common.collect.Hashing                                               : loaded 2 times (x 69B)
Class com.google.common.base.JdkPattern                                               : loaded 2 times (x 73B)
Class com.google.common.collect.Multimap                                              : loaded 2 times (x 68B)
Class com.google.common.base.FunctionalEquivalence                                    : loaded 2 times (x 81B)
Class com.google.common.cache.LocalCache$1                                            : loaded 2 times (x 87B)
Class com.google.common.cache.LocalCache$2                                            : loaded 2 times (x 140B)
Class com.google.common.collect.RegularImmutableBiMap                                 : loaded 2 times (x 146B)
Class org.gradle.internal.classloader.VisitableURLClassLoader$Spec                    : loaded 2 times (x 72B)
Class org.gradle.api.GradleException                                                  : loaded 2 times (x 80B)
Class com.google.common.base.CharMatcher$JavaLetterOrDigit                            : loaded 2 times (x 109B)
Class org.gradle.api.internal.classpath.ModuleRegistry                                : loaded 2 times (x 68B)
Class com.google.common.collect.ForwardingObject                                      : loaded 2 times (x 70B)
Class com.google.common.cache.CacheBuilder                                            : loaded 2 times (x 70B)
Class com.google.common.collect.ImmutableCollection                                   : loaded 2 times (x 123B)
Class com.google.common.base.PairwiseEquivalence                                      : loaded 2 times (x 81B)
Class com.google.common.base.Ticker                                                   : loaded 2 times (x 70B)
Class org.gradle.api.internal.ClassPathProvider                                       : loaded 2 times (x 68B)
Class com.google.common.collect.RegularImmutableMap$Values                            : loaded 2 times (x 167B)
Class org.gradle.internal.classloader.ClasspathUtil$1                                 : loaded 2 times (x 74B)
Class com.google.common.collect.ImmutableEnumMap                                      : loaded 2 times (x 123B)
Class com.google.common.collect.ForwardingMap                                         : loaded 2 times (x 130B)
Class com.google.common.collect.ImmutableList$ReverseImmutableList                    : loaded 2 times (x 168B)
Class com.google.common.cache.AbstractCache$StatsCounter                              : loaded 2 times (x 68B)
Class com.google.common.cache.LocalCache$Strength$1                                   : loaded 2 times (x 79B)
Class com.google.common.cache.LocalCache$Strength$2                                   : loaded 2 times (x 79B)
Class com.google.common.cache.LocalCache$Strength$3                                   : loaded 2 times (x 79B)
Class org.gradle.internal.classloader.ClassLoaderFactory                              : loaded 2 times (x 68B)
Class com.google.common.collect.ObjectArrays                                          : loaded 2 times (x 69B)
Class com.google.common.collect.Iterators$10                                          : loaded 2 times (x 79B)
Class com.google.common.collect.ImmutableList                                         : loaded 2 times (x 166B)
Class org.gradle.api.internal.classpath.ManifestUtil                                  : loaded 2 times (x 69B)
Class org.gradle.api.specs.Spec                                                       : loaded 2 times (x 68B)
Class com.google.common.cache.CacheLoader$UnsupportedLoadingOperationException        : loaded 2 times (x 80B)
Class com.google.common.base.CharMatcher$Whitespace                                   : loaded 2 times (x 110B)
Class com.google.common.collect.Iterators$1                                           : loaded 2 times (x 79B)
Class com.google.common.collect.Iterators$4                                           : loaded 2 times (x 80B)
Class com.google.common.collect.RegularImmutableMap$BucketOverflowException           : loaded 2 times (x 80B)
Class com.google.common.collect.Iterators$5                                           : loaded 2 times (x 80B)
Class com.google.common.base.Equivalence$Equals                                       : loaded 2 times (x 80B)
Class com.google.common.base.Preconditions                                            : loaded 2 times (x 69B)
Class com.google.common.base.Function                                                 : loaded 2 times (x 68B)
Class com.google.common.collect.Iterators$9                                           : loaded 2 times (x 79B)
Class org.gradle.internal.IoActions                                                   : loaded 2 times (x 69B)
Class com.google.common.cache.ReferenceEntry                                          : loaded 2 times (x 68B)
Class com.google.common.collect.RegularImmutableMap$KeySet                            : loaded 2 times (x 148B)
Class com.google.common.collect.CollectPreconditions                                  : loaded 2 times (x 69B)
Class com.google.common.collect.Maps                                                  : loaded 2 times (x 69B)
Class com.google.common.collect.RegularImmutableMap                                   : loaded 2 times (x 119B)
Class com.google.common.collect.AbstractIndexedListIterator                           : loaded 2 times (x 94B)
Class com.google.common.base.CharMatcher$None                                         : loaded 2 times (x 110B)
Class org.gradle.api.internal.classpath.EffectiveClassPath                            : loaded 2 times (x 88B)
Class com.google.common.collect.UnmodifiableListIterator                              : loaded 2 times (x 93B)
Class com.google.common.cache.CacheLoader$FunctionToCacheLoader                       : loaded 2 times (x 73B)
Class com.google.common.cache.CacheBuilder$1                                          : loaded 2 times (x 83B)
Class com.google.common.cache.CacheBuilder$2                                          : loaded 2 times (x 77B)
Class com.google.common.collect.ImmutableList$1                                       : loaded 2 times (x 95B)
Class com.google.common.base.Splitter$Strategy                                        : loaded 2 times (x 68B)
Class com.google.common.cache.CacheBuilder$3                                          : loaded 2 times (x 70B)
Class com.google.common.collect.ImmutableMapEntrySet$RegularEntrySet                  : loaded 2 times (x 149B)
Class [Lcom.google.common.cache.RemovalListener;                                      : loaded 2 times (x 67B)
Class [Lcom.google.common.collect.ImmutableMapEntry;                                  : loaded 2 times (x 67B)
Class org.gradle.internal.installation.CurrentGradleInstallation                      : loaded 2 times (x 71B)
Class org.gradle.internal.agents.InstrumentingClassLoader                             : loaded 2 times (x 68B)
Class org.gradle.internal.installation.CurrentGradleInstallationLocator               : loaded 2 times (x 69B)
Class [Lcom.google.common.cache.LocalCache$Segment;                                   : loaded 2 times (x 67B)
Class org.gradle.api.internal.classpath.Module                                        : loaded 2 times (x 68B)
Class com.google.common.base.Splitter$1$1                                             : loaded 2 times (x 84B)
Class com.google.common.collect.ImmutableSet$JdkBackedSetBuilderImpl                  : loaded 2 times (x 74B)
Class com.google.common.collect.ImmutableSet$RegularSetBuilderImpl                    : loaded 2 times (x 75B)
Class org.gradle.internal.service.CachingServiceLocator                               : loaded 2 times (x 80B)
Class [Lcom.google.common.collect.ImmutableEntry;                                     : loaded 2 times (x 67B)
Class org.gradle.internal.classpath.DefaultClassPath                                  : loaded 2 times (x 88B)
Class com.google.common.base.Splitter$SplittingIterator                               : loaded 2 times (x 82B)
Class com.google.common.cache.LocalCache$LocalManualCache$1                           : loaded 2 times (x 73B)
Class [Lcom.google.common.cache.LocalCache$EntryFactory;                              : loaded 2 times (x 67B)
Class com.google.common.base.CharMatcher$Is                                           : loaded 2 times (x 109B)
Class com.google.common.base.Platform                                                 : loaded 2 times (x 69B)
Class com.google.common.collect.RegularImmutableAsList                                : loaded 2 times (x 176B)
Class com.google.common.collect.PeekingIterator                                       : loaded 2 times (x 68B)
Class com.google.common.collect.ImmutableMapEntrySet                                  : loaded 2 times (x 149B)
Class com.google.common.cache.CacheLoader                                             : loaded 2 times (x 72B)
Class com.google.common.collect.ImmutableBiMapFauxverideShim                          : loaded 2 times (x 118B)
Class com.google.common.cache.Cache                                                   : loaded 2 times (x 68B)
Class org.gradle.internal.classloader.SystemClassLoaderSpec                           : loaded 2 times (x 69B)
Class com.google.common.collect.SingletonImmutableSet                                 : loaded 2 times (x 144B)
Class [Lcom.google.common.base.AbstractIterator$State;                                : loaded 2 times (x 67B)
Class com.google.common.collect.ImmutableMap$Builder                                  : loaded 2 times (x 80B)
Class com.google.common.base.AbstractIterator                                         : loaded 2 times (x 78B)
Class com.google.common.base.AbstractIterator$1                                       : loaded 2 times (x 69B)
Class [Lcom.google.common.cache.CacheBuilder$OneWeigher;                              : loaded 2 times (x 67B)
Class com.google.common.collect.Iterators                                             : loaded 2 times (x 69B)
Class com.google.common.base.CharMatcher$Ascii                                        : loaded 2 times (x 110B)
Class com.google.common.base.CharMatcher$1                                            : loaded 2 times (x 111B)
Class com.google.common.cache.LocalCache$ComputingValueReference                      : loaded 2 times (x 94B)
Class org.gradle.api.UncheckedIOException                                             : loaded 2 times (x 80B)
Class com.google.common.base.CharMatcher$And                                          : loaded 2 times (x 110B)
Class com.google.common.collect.IndexedImmutableSet                                   : loaded 2 times (x 148B)
Class com.google.common.collect.AbstractListMultimap                                  : loaded 2 times (x 170B)
Class com.google.common.base.CharMatcher$Any                                          : loaded 2 times (x 110B)
Class com.google.common.cache.LocalCache$Strength                                     : loaded 2 times (x 79B)
Class com.google.common.collect.ArrayListMultimapGwtSerializationDependencies         : loaded 2 times (x 170B)
Class com.google.common.base.CharMatcher$RangesMatcher                                : loaded 2 times (x 110B)
Class com.google.common.collect.ImmutableList$SubList                                 : loaded 2 times (x 168B)
Class com.google.common.cache.LocalCache$ValueReference                               : loaded 2 times (x 68B)
Class org.gradle.internal.classloader.ClasspathUtil                                   : loaded 2 times (x 69B)
Class com.google.common.base.Splitter$1                                               : loaded 2 times (x 75B)
Class com.google.common.base.Ticker$1                                                 : loaded 2 times (x 70B)
Class com.google.common.collect.Maps$BiMapConverter                                   : loaded 2 times (x 88B)
Class org.gradle.api.internal.DefaultClassPathRegistry                                : loaded 2 times (x 74B)
Class com.google.common.collect.ImmutableSet$SetBuilderImpl                           : loaded 2 times (x 74B)
Class org.gradle.api.internal.classpath.DefaultModuleRegistry$DefaultModule           : loaded 2 times (x 84B)
Class com.google.common.base.CharMatcher$JavaIsoControl                               : loaded 2 times (x 110B)
Class com.google.common.collect.ImmutableMap$1                                        : loaded 2 times (x 79B)
Class com.google.common.base.CharMatcher$Or                                           : loaded 2 times (x 110B)
Class com.google.common.base.Suppliers$SupplierOfInstance                             : loaded 2 times (x 77B)
Class com.google.common.collect.Iterables                                             : loaded 2 times (x 69B)
Class com.google.common.base.CharMatcher$JavaLowerCase                                : loaded 2 times (x 109B)
Class org.gradle.api.internal.classpath.UnknownModuleException                        : loaded 2 times (x 80B)
Class com.google.common.collect.Maps$EntryTransformer                                 : loaded 2 times (x 68B)
Class settings_cm7znuokepkef0jl9ufciz5hx$_run_closure1$_closure2                      : loaded 2 times (x 134B)
Class com.google.common.collect.ImmutableCollection$Builder                           : loaded 2 times (x 74B)
Class com.google.common.collect.SingletonImmutableBiMap                               : loaded 2 times (x 141B)
Class com.google.common.base.CommonPattern                                            : loaded 2 times (x 72B)
Class com.google.common.base.Suppliers                                                : loaded 2 times (x 69B)
Class com.google.common.cache.LoadingCache                                            : loaded 2 times (x 68B)
Class org.gradle.internal.service.ServiceLookupException                              : loaded 2 times (x 80B)
Class org.gradle.cache.GlobalCache                                                    : loaded 2 times (x 68B)
Class com.google.common.base.CharMatcher$NegatedFastMatcher                           : loaded 2 times (x 111B)
Class [Lorg.gradle.api.internal.ClassPathProvider;                                    : loaded 2 times (x 67B)
Class org.gradle.util.internal.GUtil                                                  : loaded 2 times (x 69B)
Class com.google.common.math.IntMath                                                  : loaded 2 times (x 69B)
Class com.google.common.collect.AbstractIterator                                      : loaded 2 times (x 80B)
Class org.gradle.internal.classloader.ClassLoaderSpec                                 : loaded 2 times (x 69B)
Class com.google.common.base.NullnessCasts                                            : loaded 2 times (x 69B)
Class com.google.common.cache.LocalCache$LocalManualCache                             : loaded 2 times (x 97B)
Class com.google.common.collect.AbstractMapEntry                                      : loaded 2 times (x 79B)
Class com.google.common.base.CharMatcher$Negated                                      : loaded 2 times (x 111B)
Class com.google.common.cache.CacheLoader$1                                           : loaded 2 times (x 73B)
Class com.google.common.collect.ImmutableSet$Builder                                  : loaded 2 times (x 83B)
Class com.google.common.base.CharMatcher$ForPredicate                                 : loaded 2 times (x 110B)
Class com.google.common.collect.ImmutableMap$MapViewOfValuesAsSingletonSets           : loaded 2 times (x 123B)
Class com.google.common.base.MoreObjects                                              : loaded 2 times (x 69B)
Class com.google.common.collect.SortedMapDifference                                   : loaded 2 times (x 68B)
Class settings_cm7znuokepkef0jl9ufciz5hx                                              : loaded 2 times (x 177B)
Class com.google.common.cache.CacheStats                                              : loaded 2 times (x 69B)
Class org.gradle.internal.classloader.VisitableURLClassLoader                         : loaded 2 times (x 114B)
Class com.google.common.cache.LocalCache$LocalLoadingCache                            : loaded 2 times (x 132B)
Class com.google.common.base.Supplier                                                 : loaded 2 times (x 68B)
Class com.google.common.collect.ImmutableBiMap                                        : loaded 2 times (x 141B)
Class org.gradle.internal.Cast                                                        : loaded 2 times (x 69B)
Class org.gradle.api.internal.ClassPathRegistry                                       : loaded 2 times (x 68B)
Class com.google.common.cache.LocalCache$EntryFactory                                 : loaded 2 times (x 81B)
Class com.google.common.util.concurrent.UncheckedExecutionException                   : loaded 2 times (x 80B)
Class com.google.common.collect.ImmutableSet                                          : loaded 2 times (x 143B)
Class org.gradle.internal.classloader.VisitableURLClassLoader$InstrumentingVisitableURLClassLoader: loaded 2 times (x 120B)
Class org.gradle.internal.classloader.ClassLoaderHierarchy                            : loaded 2 times (x 68B)
Class com.google.common.base.AbstractIterator$State                                   : loaded 2 times (x 77B)
Class com.google.common.cache.Weigher                                                 : loaded 2 times (x 68B)
Class settings_cm7znuokepkef0jl9ufciz5hx$_run_closure1                                : loaded 2 times (x 134B)
Class com.google.common.base.CharMatcher$NamedFastMatcher                             : loaded 2 times (x 110B)
Class org.gradle.internal.InternalTransformer                                         : loaded 2 times (x 68B)
Class org.gradle.internal.service.ServiceLocator                                      : loaded 2 times (x 68B)
Class com.google.common.collect.ImmutableMapEntry                                     : loaded 2 times (x 83B)
Class com.google.common.base.CharMatcher$Invisible                                    : loaded 2 times (x 110B)
Class com.google.common.base.CharMatcher$FastMatcher                                  : loaded 2 times (x 109B)
Class org.gradle.internal.classpath.DefaultClassPath$ImmutableUniqueList              : loaded 2 times (x 159B)
Class com.google.common.base.CharMatcher$JavaLetter                                   : loaded 2 times (x 109B)
Class org.gradle.internal.classpath.TransformedClassPath                              : loaded 2 times (x 94B)
Class com.google.common.collect.MapDifference                                         : loaded 2 times (x 68B)
Class com.google.common.collect.Platform                                              : loaded 2 times (x 69B)
Class com.google.common.collect.ImmutableAsList                                       : loaded 2 times (x 169B)
Class com.google.common.util.concurrent.ExecutionError                                : loaded 2 times (x 80B)
Class com.google.common.base.Equivalence$Identity                                     : loaded 2 times (x 80B)
Class com.google.common.base.CharMatcher$AnyOf                                        : loaded 2 times (x 110B)
Class com.google.common.base.CharMatcher$IsEither                                     : loaded 2 times (x 109B)
Class com.google.common.cache.LocalCache                                              : loaded 2 times (x 185B)
Class com.google.common.collect.RegularImmutableList                                  : loaded 2 times (x 172B)
Class com.google.common.base.CharMatcher$JavaUpperCase                                : loaded 2 times (x 109B)
Class com.google.common.collect.Multiset                                              : loaded 2 times (x 68B)
Class com.google.common.collect.ImmutableSet$CachingAsList                            : loaded 2 times (x 145B)
Class com.google.common.collect.ImmutableMapEntry$NonTerminalImmutableMapEntry        : loaded 2 times (x 83B)
Class com.google.common.collect.AbstractMapBasedMultimap                              : loaded 2 times (x 137B)


---------------  S Y S T E M  ---------------

OS:
 Windows 10 , 64 bit Build 19041 (10.0.19041.3636)
OS uptime: 0 days 16:45 hours

CPU: total 8 (initial active 8) (4 cores per cpu, 2 threads per core) family 6 model 140 stepping 1 microcode 0x66, cx8, cmov, fxsr, ht, mmx, 3dnowpref, sse, sse2, sse3, ssse3, sse4.1, sse4.2, popcnt, lzcnt, tsc, tscinvbit, avx, avx2, aes, erms, clmul, bmi1, bmi2, adx, avx512f, avx512dq, avx512cd, avx512bw, avx512vl, sha, fma, vzeroupper, avx512_vpopcntdq, avx512_vpclmulqdq, avx512_vaes, avx512_vnni, clflush, clflushopt, clwb, avx512_vbmi2, avx512_vbmi

Memory: 4k page, system-wide physical 16149M (5808M free)
TotalPageFile size 65301M (AvailPageFile size 5M)
current process WorkingSet (physical memory assigned to process): 282M, peak: 285M
current process commit charge ("private bytes"): 318M, peak: 397M

vm_info: OpenJDK 64-Bit Server VM (17.0.7+0-b2043.56-10550314) for windows-amd64 JRE (17.0.7+0-b2043.56-10550314), built on Jul 24 2023 18:27:45 by "androidbuild" with MS VC++ 16.10 / 16.11 (VS2019)

END.
